Loading the ModusToolbox Technology Packs and Early Access Packs
Finished loading the ModusToolbox Technology Packs and Early Access Packs (5 ms)
Loading the tools information
Finished loading the tools information (19 ms)
WARNING:error parsing file 'modustoolbox-edge-protect-security-suite-1-3.json': the path 'D:\Infineon\tools\ModusToolbox-Edge-Protect-Security-Suite-1.3\' does not exist

From ModusToolbox Tools version 3.3.0.0 installed at D:/Infineon/ModusToolbox/tools_3.3, using
 airoc-tools version 5.0.1.207
 bsp-assistant version 1.21.0.2262
 bt-configurator version 3.0.0.2853
 capsense-configurator version 6.30.0.7699
 chipload version 1.6.5.21055
 cymcuelftool version 1.0.0.62
 dashboard version 3.3.0.236
 detectandid version 5.0.1.207
 device-configurator version 5.10.0.2618
 dfuh-tool version 2.50.0.2087
 ez-pd-configurator version 2.0.0.1964
 fw-loader version 3.7.1.2349
 gcc version 11.3.1.67
 hardware-config-server version 1.1.0.951
 jre version 17.0.7.11
 kp-firmware version 2.60.0.1450
 lcs-manager-cli version 1.11.0.259
 library-manager version 2.21.0.4313
 lin-configurator version 1.40.0.1926
 make version 2.3.0.5980
 mbtp version 5.0.1.207
 modus-shell version 1.5.0.123
 mtbgetlibs version 1.3.0.3292
 mtbideexport version 1.3.0.268
 mtblaunch version 1.3.0.3292
 mtbninja version 1.3.0.3295
 mtbquery version 1.3.0.3292
 mtbsearch version 1.3.0.3292
 ninja version 1.12.1
 openocd version 5.2.1.3248
 project-creator version 2.21.0.4754
 proxy-helper version 1.51.0.362
 qspi-configurator version 4.31.0.2199
 seglcd-configurator version 1.61.0.1813
 signcombinemkgen version 1.0.0.268
 smartio-configurator version 4.21.0.1380
 srecord version 1.64.0.15
 usbdev-configurator version 2.70.0.1885
Loading the manifest data
Online Content mode has been enabled by default.
Loading super manfiest files from all sources
Getting manifests from remote and/or local sources
Processing system manifest 'https://modustoolbox.infineon.com/manifests/mtb-super-manifest/v2.X/mtb-super-manifest-fv2.xml'
Downloading super manifest file 'https://modustoolbox.infineon.com/manifests/mtb-super-manifest/v2.X/mtb-super-manifest-fv2.xml'
Finished loading super manifest files from all sources
Finished download of file 'https://modustoolbox.infineon.com/manifests/mtb-super-manifest/v2.X/mtb-super-manifest-fv2.xml'
Starting to parse super manifest with URL 'https://modustoolbox.infineon.com/manifests/mtb-super-manifest/v2.X/mtb-super-manifest-fv2.xml'
Finished parsing super manifest with URL 'https://modustoolbox.infineon.com/manifests/mtb-super-manifest/v2.X/mtb-super-manifest-fv2.xml'
Downloading manifest file 'https://github.com/Infineon/mtb-ce-manifest/raw/v2.X/mtb-ce-manifest.xml'
Downloading manifest file 'https://github.com/Infineon/mtb-ce-manifest/raw/v2.X/mtb-ce-manifest-fv2.xml'
Downloading manifest file 'https://github.com/Infineon/mtb-bt-app-manifest/raw/v2.X/mtb-bt-app-manifest.xml'
Downloading manifest file 'https://github.com/Infineon/mtb-bt-app-manifest/raw/v2.X/mtb-bt-app-manifest-fv2.xml'
Downloading manifest file 'https://github.com/Infineon/cce-app-manifest/raw/v2.X/cce-app-manifest-fv2.xml'
Downloading manifest file 'https://github.com/Altia-Marketing/altia-ce-manifest/raw/main/altia-ce-manifest-fv2.xml'
Downloading manifest file 'https://github.com/avnet-iotconnect/avnet-iotc-mtb-ce-manifest/raw/main/avnet-iotc-mtb-ce-manifest-fv2.xml'
Downloading manifest file 'https://github.com/CyberonEBU/cyberon-mtb-ce-manifest/raw/main/cyberon-mtb-ce-manifest-fv2.xml'
Downloading manifest file 'https://github.com/edgeimpulse/edgeimpulse-ce-manifest/raw/main/edgeimpulse-ce-manifest-fv2.xml'
Downloading manifest file 'https://github.com/golioth/mtb-golioth-ce-manifest/raw/main/mtb-golioth-ce-manifest-fv2.xml'
Downloading manifest file 'https://github.com/memfault/mtb-memfault-ce-manifest/raw/main/mtb-memfault-ce-manifest-fv2.xml'
Downloading manifest file 'https://github.com/rtlabs-com/mtb-rtlabs-manifest/raw/main/mtb-ce-manifest-fv2-rtlabs.xml'
Downloading manifest file 'https://github.com/RutronikSystemSolutions/rutronik-ce-manifest/raw/main/rutronik-ce-manifest-fv2.xml'
Downloading manifest file 'https://github.com/sensiml/sensiml-ce-manifest/raw/main/sensiml-ce-manifest-fv2.xml'
Downloading manifest file 'https://github.com/Infineon/mtb-bsp-manifest/raw/v2.X/mtb-bsp-manifest.xml'
Downloading manifest file 'https://github.com/Infineon/mtb-bsp-manifest/raw/v2.X/mtb-bsp-capabilities-manifest.json'
Downloading manifest file 'https://github.com/Infineon/mtb-bsp-manifest/raw/v2.X/mtb-bsp-manifest-fv2.xml'
Downloading manifest file 'https://github.com/Infineon/mtb-bsp-manifest/raw/v2.X/mtb-bsp-dependencies-manifest.xml'
Downloading manifest file 'https://github.com/Infineon/mtb-bt-bsp-manifest/raw/v2.X/mtb-bt-bsp-manifest.xml'
Downloading manifest file 'https://github.com/Infineon/mtb-bt-bsp-manifest/raw/v2.X/mtb-bt-bsp-manifest-fv2.xml'
Downloading manifest file 'https://github.com/Infineon/mtb-bt-bsp-manifest/raw/v2.X/mtb-bt-bsp-dependencies-manifest.xml'
Downloading manifest file 'https://github.com/Inventek/inventek-bsp-manifest/raw/main/inventek-bsp-manifest-fv2.xml'
Downloading manifest file 'https://github.com/Inventek/inventek-bsp-manifest/raw/main/inventek-bsp-dependencies-manifest.xml'
Downloading manifest file 'https://github.com/RutronikSystemSolutions/rutronik-bsp-manifest/raw/main/rutronik-bsp-manifest-fv2.xml'
Downloading manifest file 'https://github.com/RutronikSystemSolutions/rutronik-bsp-manifest/raw/main/rutronik-bsp-dependencies-manifest.xml'
Downloading manifest file 'https://github.com/Infineon/mtb-mw-manifest/raw/v2.X/mtb-mw-manifest.xml'
Downloading manifest file 'https://github.com/Infineon/mtb-mw-manifest/raw/v2.X/mtb-mw-manifest-fv2.xml'
Downloading manifest file 'https://github.com/Infineon/mtb-mw-manifest/raw/v2.X/mtb-mw-dependencies-manifest.xml'
Downloading manifest file 'https://github.com/Infineon/mtb-bt-mw-manifest/raw/v2.X/mtb-bt-mw-manifest.xml'
Downloading manifest file 'https://github.com/Infineon/mtb-bt-mw-manifest/raw/v2.X/mtb-bt-mw-manifest-fv2.xml'
Downloading manifest file 'https://github.com/Infineon/mtb-bt-mw-manifest/raw/v2.X/mtb-bt-mw-dependencies-manifest.xml'
Downloading manifest file 'https://github.com/Infineon/mtb-wifi-mw-manifest/raw/v2.X/mtb-wifi-mw-manifest.xml'
Downloading manifest file 'https://github.com/Infineon/mtb-wifi-mw-manifest/raw/v2.X/mtb-wifi-mw-manifest-fv2.xml'
Downloading manifest file 'https://github.com/Infineon/mtb-wifi-mw-manifest/raw/v2.X/mtb-wifi-mw-dependencies-manifest.xml'
Downloading manifest file 'https://github.com/avnet-iotconnect/avnet-iotc-mtb-mw-manifest/raw/main/avnet-iotc-mtb-mw-manifest-fv2.xml'
Downloading manifest file 'https://github.com/CyberonEBU/cyberon-mtb-mw-manifest/raw/main/cyberon-mtb-mw-manifest-fv2.xml'
Downloading manifest file 'https://github.com/golioth/mtb-golioth-mw-manifest/raw/main/mtb-golioth-mw-manifest-fv2.xml'
Downloading manifest file 'https://github.com/memfault/mtb-memfault-mw-manifest/raw/main/mtb-memfault-mw-manifest-fv2.xml'
Downloading manifest file 'https://github.com/rtlabs-com/mtb-rtlabs-manifest/raw/main/rtlabs-mtb-mw-manifest-fw2-rtlabs.xml'
Downloading manifest file 'https://github.com/sensiml/sensiml-mw-manifest/raw/main/sensiml-mw-manifest-fv2.xml'
Finished download of file 'https://github.com/Infineon/mtb-ce-manifest/raw/v2.X/mtb-ce-manifest.xml'
Finished download of file 'https://github.com/Infineon/mtb-ce-manifest/raw/v2.X/mtb-ce-manifest-fv2.xml'
Finished download of file 'https://github.com/Infineon/mtb-bt-app-manifest/raw/v2.X/mtb-bt-app-manifest.xml'
Finished download of file 'https://github.com/Infineon/mtb-bt-app-manifest/raw/v2.X/mtb-bt-app-manifest-fv2.xml'
Finished download of file 'https://github.com/Infineon/cce-app-manifest/raw/v2.X/cce-app-manifest-fv2.xml'
Finished download of file 'https://github.com/Altia-Marketing/altia-ce-manifest/raw/main/altia-ce-manifest-fv2.xml'
Finished download of file 'https://github.com/avnet-iotconnect/avnet-iotc-mtb-ce-manifest/raw/main/avnet-iotc-mtb-ce-manifest-fv2.xml'
Finished download of file 'https://github.com/CyberonEBU/cyberon-mtb-ce-manifest/raw/main/cyberon-mtb-ce-manifest-fv2.xml'
Finished download of file 'https://github.com/edgeimpulse/edgeimpulse-ce-manifest/raw/main/edgeimpulse-ce-manifest-fv2.xml'
Finished download of file 'https://github.com/golioth/mtb-golioth-ce-manifest/raw/main/mtb-golioth-ce-manifest-fv2.xml'
Finished download of file 'https://github.com/memfault/mtb-memfault-ce-manifest/raw/main/mtb-memfault-ce-manifest-fv2.xml'
Finished download of file 'https://github.com/rtlabs-com/mtb-rtlabs-manifest/raw/main/mtb-ce-manifest-fv2-rtlabs.xml'
Finished download of file 'https://github.com/RutronikSystemSolutions/rutronik-ce-manifest/raw/main/rutronik-ce-manifest-fv2.xml'
Finished download of file 'https://github.com/sensiml/sensiml-ce-manifest/raw/main/sensiml-ce-manifest-fv2.xml'
Finished download of file 'https://github.com/Infineon/mtb-bsp-manifest/raw/v2.X/mtb-bsp-manifest.xml'
Finished download of file 'https://github.com/Infineon/mtb-bsp-manifest/raw/v2.X/mtb-bsp-capabilities-manifest.json'
Finished download of file 'https://github.com/Infineon/mtb-bsp-manifest/raw/v2.X/mtb-bsp-manifest-fv2.xml'
Finished download of file 'https://github.com/Infineon/mtb-bsp-manifest/raw/v2.X/mtb-bsp-dependencies-manifest.xml'
Finished download of file 'https://github.com/Infineon/mtb-bt-bsp-manifest/raw/v2.X/mtb-bt-bsp-manifest.xml'
Finished download of file 'https://github.com/Infineon/mtb-bt-bsp-manifest/raw/v2.X/mtb-bt-bsp-manifest-fv2.xml'
Finished download of file 'https://github.com/Infineon/mtb-bt-bsp-manifest/raw/v2.X/mtb-bt-bsp-dependencies-manifest.xml'
Finished download of file 'https://github.com/Inventek/inventek-bsp-manifest/raw/main/inventek-bsp-manifest-fv2.xml'
Finished download of file 'https://github.com/Inventek/inventek-bsp-manifest/raw/main/inventek-bsp-dependencies-manifest.xml'
Finished download of file 'https://github.com/RutronikSystemSolutions/rutronik-bsp-manifest/raw/main/rutronik-bsp-manifest-fv2.xml'
Finished download of file 'https://github.com/RutronikSystemSolutions/rutronik-bsp-manifest/raw/main/rutronik-bsp-dependencies-manifest.xml'
Finished download of file 'https://github.com/Infineon/mtb-mw-manifest/raw/v2.X/mtb-mw-manifest.xml'
Finished download of file 'https://github.com/Infineon/mtb-mw-manifest/raw/v2.X/mtb-mw-manifest-fv2.xml'
Finished download of file 'https://github.com/Infineon/mtb-mw-manifest/raw/v2.X/mtb-mw-dependencies-manifest.xml'
Finished download of file 'https://github.com/Infineon/mtb-bt-mw-manifest/raw/v2.X/mtb-bt-mw-manifest.xml'
Finished download of file 'https://github.com/Infineon/mtb-bt-mw-manifest/raw/v2.X/mtb-bt-mw-manifest-fv2.xml'
Finished download of file 'https://github.com/Infineon/mtb-bt-mw-manifest/raw/v2.X/mtb-bt-mw-dependencies-manifest.xml'
Finished download of file 'https://github.com/Infineon/mtb-wifi-mw-manifest/raw/v2.X/mtb-wifi-mw-manifest.xml'
Finished download of file 'https://github.com/Infineon/mtb-wifi-mw-manifest/raw/v2.X/mtb-wifi-mw-manifest-fv2.xml'
Finished download of file 'https://github.com/Infineon/mtb-wifi-mw-manifest/raw/v2.X/mtb-wifi-mw-dependencies-manifest.xml'
Finished download of file 'https://github.com/avnet-iotconnect/avnet-iotc-mtb-mw-manifest/raw/main/avnet-iotc-mtb-mw-manifest-fv2.xml'
Finished download of file 'https://github.com/CyberonEBU/cyberon-mtb-mw-manifest/raw/main/cyberon-mtb-mw-manifest-fv2.xml'
Finished download of file 'https://github.com/golioth/mtb-golioth-mw-manifest/raw/main/mtb-golioth-mw-manifest-fv2.xml'
Finished download of file 'https://github.com/memfault/mtb-memfault-mw-manifest/raw/main/mtb-memfault-mw-manifest-fv2.xml'
Finished download of file 'https://github.com/rtlabs-com/mtb-rtlabs-manifest/raw/main/rtlabs-mtb-mw-manifest-fw2-rtlabs.xml'
Finished download of file 'https://github.com/sensiml/sensiml-mw-manifest/raw/main/sensiml-mw-manifest-fv2.xml'
Finished loading the manifest data (3478 ms)
0 error(s), 1 warning(s)

Summary: 

BSP: CYSBSYSKIT-DEV-01
Template Application(s): Empty App
Application(s) Root Path: D:/Infineon/workspace

Press "Create" to create the selected application(s).

Collecting application data...

Info: The following entered on the command line will create the exact same project as that created with the GUI tool:
D:/Infineon/ModusToolbox/tools_3.3/project-creator/project-creator-cli.exe --board-id CYSBSYSKIT-DEV-01 --board-uri https://github.com/cypresssemiconductorco/TARGET_CYSBSYSKIT-DEV-01 --board-commit latest-v5.X --app-id mtb-example-empty-app --app-uri https://github.com/Infineon/mtb-example-empty-app --app-commit latest-v4.X --target-dir D:/Infineon/workspace --user-app-name ForToday --use-modus-shell
Starting application creation for 'D:/Infineon/workspace/ForToday'.
Acquiring the application source 'https://github.com/Infineon/mtb-example-empty-app'.
Git#0>Cloning into 'ForToday'...
Git#0>remote: Enumerating objects: 44, done.        
Git#0>remote: Counting objects:   3% (1/29)        
Git#0>remote: Counting objects:   6% (2/29)        
Git#0>remote: Counting objects:  10% (3/29)        
Git#0>remote: Counting objects:  13% (4/29)        
Git#0>remote: Counting objects:  17% (5/29)        
Git#0>remote: Counting objects:  20% (6/29)        
Git#0>remote: Counting objects:  24% (7/29)        
Git#0>remote: Counting objects:  27% (8/29)        
Git#0>remote: Counting objects:  31% (9/29)        
Git#0>remote: Counting objects:  34% (10/29)        
Git#0>remote: Counting objects:  37% (11/29)        
Git#0>remote: Counting objects:  41% (12/29)        
Git#0>remote: Counting objects:  44% (13/29)        
Git#0>remote: Counting objects:  48% (14/29)        
Git#0>remote: Counting objects:  51% (15/29)        
Git#0>remote: Counting objects:  55% (16/29)        
Git#0>remote: Counting objects:  58% (17/29)        
Git#0>remote: Counting objects:  62% (18/29)        
Git#0>remote: Counting objects:  65% (19/29)        
Git#0>remote: Counting objects:  68% (20/29)        
Git#0>remote: Counting objects:  72% (21/29)        
Git#0>remote: Counting objects:  75% (22/29)        
Git#0>remote: Counting objects:  79% (23/29)        
Git#0>remote: Counting objects:  82% (24/29)        
Git#0>remote: Counting objects:  86% (25/29)        
Git#0>remote: Counting objects:  89% (26/29)        
Git#0>remote: Counting objects:  93% (27/29)        
Git#0>remote: Counting objects:  96% (28/29)        
Git#0>remote: Counting objects: 100% (29/29)        
Git#0>remote: Counting objects: 100% (29/29), done.        
Git#0>remote: Compressing objects:   4% (1/24)        
Git#0>remote: Compressing objects:   8% (2/24)        
Git#0>remote: Compressing objects:  12% (3/24)        
Git#0>remote: Compressing objects:  16% (4/24)        
Git#0>remote: Compressing objects:  20% (5/24)        
Git#0>remote: Compressing objects:  25% (6/24)        
Git#0>remote: Compressing objects:  29% (7/24)        
Git#0>remote: Compressing objects:  33% (8/24)        
Git#0>remote: Compressing objects:  37% (9/24)        
Git#0>remote: Compressing objects:  41% (10/24)        
Git#0>remote: Compressing objects:  45% (11/24)        
Git#0>remote: Compressing objects:  50% (12/24)        
Git#0>remote: Compressing objects:  54% (13/24)        
Git#0>remote: Compressing objects:  58% (14/24)        
Git#0>remote: Compressing objects:  62% (15/24)        
Git#0>remote: Compressing objects:  66% (16/24)        
Git#0>remote: Compressing objects:  70% (17/24)        
Git#0>remote: Compressing objects:  75% (18/24)        
Git#0>remote: Compressing objects:  79% (19/24)        
Git#0>remote: Compressing objects:  83% (20/24)        
Git#0>remote: Compressing objects:  87% (21/24)        
Git#0>remote: Compressing objects:  91% (22/24)        
Git#0>remote: Compressing objects:  95% (23/24)        
Git#0>remote: Compressing objects: 100% (24/24)        
Git#0>remote: Compressing objects: 100% (24/24), done.        
Git#0>remote: Total 44 (delta 10), reused 22 (delta 5), pack-reused 15 (from 1)        
Git#0>Receiving objects:   2% (1/44)
Git#0>Receiving objects:   4% (2/44)
Git#0>Receiving objects:   6% (3/44)
Git#0>Receiving objects:   9% (4/44)
Git#0>Receiving objects:  11% (5/44)
Git#0>Receiving objects:  13% (6/44)
Git#0>Receiving objects:  15% (7/44)
Git#0>Receiving objects:  18% (8/44)
Git#0>Receiving objects:  20% (9/44)
Git#0>Receiving objects:  22% (10/44)
Git#0>Receiving objects:  25% (11/44)
Git#0>Receiving objects:  27% (12/44)
Git#0>Receiving objects:  29% (13/44)
Git#0>Receiving objects:  31% (14/44)
Git#0>Receiving objects:  34% (15/44)
Git#0>Receiving objects:  36% (16/44)
Git#0>Receiving objects:  38% (17/44)
Git#0>Receiving objects:  40% (18/44)
Git#0>Receiving objects:  43% (19/44)
Git#0>Receiving objects:  45% (20/44)
Git#0>Receiving objects:  47% (21/44)
Git#0>Receiving objects:  50% (22/44)
Git#0>Receiving objects:  52% (23/44)
Git#0>Receiving objects:  54% (24/44)
Git#0>Receiving objects:  56% (25/44)
Git#0>Receiving objects:  59% (26/44)
Git#0>Receiving objects:  61% (27/44)
Git#0>Receiving objects:  63% (28/44)
Git#0>Receiving objects:  65% (29/44)
Git#0>Receiving objects:  68% (30/44)
Git#0>Receiving objects:  70% (31/44)
Git#0>Receiving objects:  72% (32/44)
Git#0>Receiving objects:  75% (33/44)
Git#0>Receiving objects:  77% (34/44)
Git#0>Receiving objects:  79% (35/44)
Git#0>Receiving objects:  81% (36/44)
Git#0>Receiving objects:  84% (37/44)
Git#0>Receiving objects:  86% (38/44)
Git#0>Receiving objects:  88% (39/44)
Git#0>Receiving objects:  90% (40/44)
Git#0>Receiving objects:  93% (41/44)
Git#0>Receiving objects:  95% (42/44)
Git#0>Receiving objects:  97% (43/44)
Git#0>Receiving objects: 100% (44/44)
Git#0>Receiving objects: 100% (44/44), 6.48 KiB | 737.00 KiB/s, done.
Git#0>Resolving deltas:   0% (0/11)
Git#0>Resolving deltas:   9% (1/11)
Git#0>Resolving deltas:  18% (2/11)
Git#0>Resolving deltas:  27% (3/11)
Git#0>Resolving deltas:  36% (4/11)
Git#0>Resolving deltas:  45% (5/11)
Git#0>Resolving deltas:  54% (6/11)
Git#0>Resolving deltas:  63% (7/11)
Git#0>Resolving deltas:  72% (8/11)
Git#0>Resolving deltas:  81% (9/11)
Git#0>Resolving deltas:  90% (10/11)
Git#0>Resolving deltas: 100% (11/11)
Git#0>Resolving deltas: 100% (11/11), done.
Git#1>Updating files:  28% (2/7)
Git#1>Updating files:  42% (3/7)
Git#1>Updating files:  57% (4/7)
Git#1>Updating files:  71% (5/7)
Git#1>Updating files:  85% (6/7)
Git#1>Updating files: 100% (7/7)
Git#1>Updating files: 100% (7/7), done.
Git#1>HEAD is now at 36b22d4 Upload mtb-example-empty-app [2792]
Acquired application source successfully.
Loading the application.
Loaded the application successfully.
Processing project 'ForToday'.
Starting to commit changes to the filesystem and project 'mtb-example-empty-app'.
Writing mtb file for asset 'CYSBSYSKIT-DEV-01' to the folder 'D:/Infineon/workspace/ForToday/deps'.
Writing mtb file for asset 'cat1cm0p' to the folder 'D:/Infineon/workspace/ForToday/libs'.
Writing mtb file for asset 'core-lib' to the folder 'D:/Infineon/workspace/ForToday/libs'.
Writing mtb file for asset 'core-make' to the folder 'D:/Infineon/workspace/ForToday/libs'.
Writing mtb file for asset 'mtb-hal-cat1' to the folder 'D:/Infineon/workspace/ForToday/libs'.
Writing mtb file for asset 'mtb-pdl-cat1' to the folder 'D:/Infineon/workspace/ForToday/libs'.
Writing mtb file for asset 'recipe-make-cat1a' to the folder 'D:/Infineon/workspace/ForToday/libs'.
Writing mtb file for asset 'bt-fw-ifx-cyw43012' to the folder 'D:/Infineon/workspace/ForToday/libs'.
Writing mtb file for asset 'cmsis' to the folder 'D:/Infineon/workspace/ForToday/libs'.
Writing mtb file for asset 'device-db' to the folder 'D:/Infineon/workspace/ForToday/libs'.
Git#2>Starting: git -C D:/Infineon/workspace/ForToday/libs clone --progress --origin cypress --no-checkout --filter=blob:none https://github.com/cypresssemiconductorco/TARGET_CYSBSYSKIT-DEV-01 TARGET_CYSBSYSKIT-DEV-01
Git#3>Starting: git -C D:/Infineon/workspace/mtb_shared/cat1cm0p/release-v1.8.0 -c advice.detachedHead=false checkout --progress release-v1.8.0
Git#4>Starting: git -C D:/Infineon/workspace/mtb_shared/core-lib/release-v1.4.3 -c advice.detachedHead=false checkout --progress release-v1.4.3
Git#5>Starting: git -C D:/Infineon/workspace/mtb_shared/core-make/release-v3.4.1 -c advice.detachedHead=false checkout --progress release-v3.4.1
Git#2>Cloning into 'TARGET_CYSBSYSKIT-DEV-01'...
Git#3>HEAD is now at bc2632e Upload cat1cm0p 1.8.0.508 [3108]
Git#3>Success: git -C D:/Infineon/workspace/mtb_shared/cat1cm0p/release-v1.8.0 -c advice.detachedHead=false checkout --progress release-v1.8.0
Git#6>Starting: git -C D:/Infineon/workspace/mtb_shared/mtb-hal-cat1/release-v2.6.2 -c advice.detachedHead=false checkout --progress release-v2.6.2
Git#5>HEAD is now at 79de3ac Upload core-make 3.4.1.6167 [2900]
Git#5>Success: git -C D:/Infineon/workspace/mtb_shared/core-make/release-v3.4.1 -c advice.detachedHead=false checkout --progress release-v3.4.1
Git#7>Starting: git -C D:/Infineon/workspace/mtb_shared/mtb-pdl-cat1 clone --progress --origin cypress --no-checkout --filter=blob:none https://github.com/cypresssemiconductorco/mtb-pdl-cat1 release-v3.15.0
Git#7>Cloning into 'release-v3.15.0'...
Git#2>remote: Enumerating objects: 107, done.        
Git#2>remote: Counting objects:   0% (1/107)        
Git#2>remote: Counting objects:   1% (2/107)        
Git#2>remote: Counting objects:   2% (3/107)        
Git#2>remote: Counting objects:   3% (4/107)        
Git#2>remote: Counting objects:   4% (5/107)        
Git#2>remote: Counting objects:   5% (6/107)        
Git#2>remote: Counting objects:   6% (7/107)        
Git#2>remote: Counting objects:   7% (8/107)        
Git#2>remote: Counting objects:   8% (9/107)        
Git#2>remote: Counting objects:   9% (10/107)        
Git#2>remote: Counting objects:  10% (11/107)        
Git#2>remote: Counting objects:  11% (12/107)        
Git#2>remote: Counting objects:  12% (13/107)        
Git#2>remote: Counting objects:  13% (14/107)        
Git#2>remote: Counting objects:  14% (15/107)        
Git#2>remote: Counting objects:  15% (17/107)        
Git#2>remote: Counting objects:  16% (18/107)        
Git#2>remote: Counting objects:  17% (19/107)        
Git#2>remote: Counting objects:  18% (20/107)        
Git#2>remote: Counting objects:  19% (21/107)        
Git#2>remote: Counting objects:  20% (22/107)        
Git#2>remote: Counting objects:  21% (23/107)        
Git#2>remote: Counting objects:  22% (24/107)        
Git#2>remote: Counting objects:  23% (25/107)        
Git#2>remote: Counting objects:  24% (26/107)        
Git#2>remote: Counting objects:  25% (27/107)        
Git#2>remote: Counting objects:  26% (28/107)        
Git#2>remote: Counting objects:  27% (29/107)        
Git#2>remote: Counting objects:  28% (30/107)        
Git#2>remote: Counting objects:  29% (32/107)        
Git#2>remote: Counting objects:  30% (33/107)        
Git#2>remote: Counting objects:  31% (34/107)        
Git#2>remote: Counting objects:  32% (35/107)        
Git#2>remote: Counting objects:  33% (36/107)        
Git#2>remote: Counting objects:  34% (37/107)        
Git#2>remote: Counting objects:  35% (38/107)        
Git#2>remote: Counting objects:  36% (39/107)        
Git#2>remote: Counting objects:  37% (40/107)        
Git#2>remote: Counting objects:  38% (41/107)        
Git#2>remote: Counting objects:  39% (42/107)        
Git#2>remote: Counting objects:  40% (43/107)        
Git#2>remote: Counting objects:  41% (44/107)        
Git#2>remote: Counting objects:  42% (45/107)        
Git#2>remote: Counting objects:  43% (47/107)        
Git#2>remote: Counting objects:  44% (48/107)        
Git#2>remote: Counting objects:  45% (49/107)        
Git#2>remote: Counting objects:  46% (50/107)        
Git#2>remote: Counting objects:  47% (51/107)        
Git#2>remote: Counting objects:  48% (52/107)        
Git#2>remote: Counting objects:  49% (53/107)        
Git#2>remote: Counting objects:  50% (54/107)        
Git#2>remote: Counting objects:  51% (55/107)        
Git#2>remote: Counting objects:  52% (56/107)        
Git#2>remote: Counting objects:  53% (57/107)        
Git#2>remote: Counting objects:  54% (58/107)        
Git#2>remote: Counting objects:  55% (59/107)        
Git#2>remote: Counting objects:  56% (60/107)        
Git#2>remote: Counting objects:  57% (61/107)        
Git#2>remote: Counting objects:  58% (63/107)        
Git#2>remote: Counting objects:  59% (64/107)        
Git#2>remote: Counting objects:  60% (65/107)        
Git#2>remote: Counting objects:  61% (66/107)        
Git#2>remote: Counting objects:  62% (67/107)        
Git#2>remote: Counting objects:  63% (68/107)        
Git#2>remote: Counting objects:  64% (69/107)        
Git#2>remote: Counting objects:  65% (70/107)        
Git#2>remote: Counting objects:  66% (71/107)        
Git#2>remote: Counting objects:  67% (72/107)        
Git#2>remote: Counting objects:  68% (73/107)        
Git#2>remote: Counting objects:  69% (74/107)        
Git#2>remote: Counting objects:  70% (75/107)        
Git#2>remote: Counting objects:  71% (76/107)        
Git#2>remote: Counting objects:  72% (78/107)        
Git#2>remote: Counting objects:  73% (79/107)        
Git#2>remote: Counting objects:  74% (80/107)        
Git#2>remote: Counting objects:  75% (81/107)        
Git#2>remote: Counting objects:  76% (82/107)        
Git#2>remote: Counting objects:  77% (83/107)        
Git#2>remote: Counting objects:  78% (84/107)        
Git#2>remote: Counting objects:  79% (85/107)        
Git#2>remote: Counting objects:  80% (86/107)        
Git#2>remote: Counting objects:  81% (87/107)        
Git#2>remote: Counting objects:  82% (88/107)        
Git#2>remote: Counting objects:  83% (89/107)        
Git#2>remote: Counting objects:  84% (90/107)        
Git#2>remote: Counting objects:  85% (91/107)        
Git#2>remote: Counting objects:  86% (93/107)        
Git#2>remote: Counting objects:  87% (94/107)        
Git#2>remote: Counting objects:  88% (95/107)        
Git#2>remote: Counting objects:  89% (96/107)        
Git#2>remote: Counting objects:  90% (97/107)        
Git#2>remote: Counting objects:  91% (98/107)        
Git#2>remote: Counting objects:  92% (99/107)        
Git#2>remote: Counting objects:  93% (100/107)        
Git#2>remote: Counting objects:  94% (101/107)        
Git#2>remote: Counting objects:  95% (102/107)        
Git#2>remote: Counting objects:  96% (103/107)        
Git#2>remote: Counting objects:  97% (104/107)        
Git#2>remote: Counting objects:  98% (105/107)        
Git#2>remote: Counting objects:  99% (106/107)        
Git#2>remote: Counting objects: 100% (107/107)        
Git#2>remote: Counting objects: 100% (107/107), done.        
Git#2>remote: Compressing objects:   1% (1/83)        
Git#2>remote: Compressing objects:   2% (2/83)        
Git#2>remote: Compressing objects:   3% (3/83)        
Git#2>remote: Compressing objects:   4% (4/83)        
Git#2>remote: Compressing objects:   6% (5/83)        
Git#2>remote: Compressing objects:   7% (6/83)        
Git#2>remote: Compressing objects:   8% (7/83)        
Git#2>remote: Compressing objects:   9% (8/83)        
Git#2>remote: Compressing objects:  10% (9/83)        
Git#2>remote: Compressing objects:  12% (10/83)        
Git#2>remote: Compressing objects:  13% (11/83)        
Git#2>remote: Compressing objects:  14% (12/83)        
Git#2>remote: Compressing objects:  15% (13/83)        
Git#2>remote: Compressing objects:  16% (14/83)        
Git#2>remote: Compressing objects:  18% (15/83)        
Git#2>remote: Compressing objects:  19% (16/83)        
Git#2>remote: Compressing objects:  20% (17/83)        
Git#2>remote: Compressing objects:  21% (18/83)        
Git#2>remote: Compressing objects:  22% (19/83)        
Git#2>remote: Compressing objects:  24% (20/83)        
Git#2>remote: Compressing objects:  25% (21/83)        
Git#2>remote: Compressing objects:  26% (22/83)        
Git#2>remote: Compressing objects:  27% (23/83)        
Git#2>remote: Compressing objects:  28% (24/83)        
Git#2>remote: Compressing objects:  30% (25/83)        
Git#2>remote: Compressing objects:  31% (26/83)        
Git#2>remote: Compressing objects:  32% (27/83)        
Git#2>remote: Compressing objects:  33% (28/83)        
Git#2>remote: Compressing objects:  34% (29/83)        
Git#2>remote: Compressing objects:  36% (30/83)        
Git#2>remote: Compressing objects:  37% (31/83)        
Git#2>remote: Compressing objects:  38% (32/83)        
Git#2>remote: Compressing objects:  39% (33/83)        
Git#2>remote: Compressing objects:  40% (34/83)        
Git#2>remote: Compressing objects:  42% (35/83)        
Git#2>remote: Compressing objects:  43% (36/83)        
Git#2>remote: Compressing objects:  44% (37/83)        
Git#2>remote: Compressing objects:  45% (38/83)        
Git#2>remote: Compressing objects:  46% (39/83)        
Git#2>remote: Compressing objects:  48% (40/83)        
Git#2>remote: Compressing objects:  49% (41/83)        
Git#2>remote: Compressing objects:  50% (42/83)        
Git#2>remote: Compressing objects:  51% (43/83)        
Git#2>remote: Compressing objects:  53% (44/83)        
Git#2>remote: Compressing objects:  54% (45/83)        
Git#2>remote: Compressing objects:  55% (46/83)        
Git#2>remote: Compressing objects:  56% (47/83)        
Git#2>remote: Compressing objects:  57% (48/83)        
Git#2>remote: Compressing objects:  59% (49/83)        
Git#2>remote: Compressing objects:  60% (50/83)        
Git#2>remote: Compressing objects:  61% (51/83)        
Git#2>remote: Compressing objects:  62% (52/83)        
Git#2>remote: Compressing objects:  63% (53/83)        
Git#2>remote: Compressing objects:  65% (54/83)        
Git#2>remote: Compressing objects:  66% (55/83)        
Git#2>remote: Compressing objects:  67% (56/83)        
Git#2>remote: Compressing objects:  68% (57/83)        
Git#2>remote: Compressing objects:  69% (58/83)        
Git#2>remote: Compressing objects:  71% (59/83)        
Git#2>remote: Compressing objects:  72% (60/83)        
Git#2>remote: Compressing objects:  73% (61/83)        
Git#2>remote: Compressing objects:  74% (62/83)        
Git#2>remote: Compressing objects:  75% (63/83)        
Git#2>remote: Compressing objects:  77% (64/83)        
Git#2>remote: Compressing objects:  78% (65/83)        
Git#2>remote: Compressing objects:  79% (66/83)        
Git#2>remote: Compressing objects:  80% (67/83)        
Git#2>remote: Compressing objects:  81% (68/83)        
Git#2>remote: Compressing objects:  83% (69/83)        
Git#2>remote: Compressing objects:  84% (70/83)        
Git#2>remote: Compressing objects:  85% (71/83)        
Git#2>remote: Compressing objects:  86% (72/83)        
Git#2>remote: Compressing objects:  87% (73/83)        
Git#2>remote: Compressing objects:  89% (74/83)        
Git#2>remote: Compressing objects:  90% (75/83)        
Git#2>remote: Compressing objects:  91% (76/83)        
Git#2>remote: Compressing objects:  92% (77/83)        
Git#2>remote: Compressing objects:  93% (78/83)        
Git#2>remote: Compressing objects:  95% (79/83)        
Git#2>remote: Compressing objects:  96% (80/83)        
Git#2>remote: Compressing objects:  97% (81/83)        
Git#2>remote: Compressing objects:  98% (82/83)        
Git#2>remote: Compressing objects: 100% (83/83)        
Git#2>remote: Compressing objects: 100% (83/83), done.        
Git#2>Receiving objects:   0% (1/107)
Git#2>Receiving objects:   1% (2/107)
Git#2>Receiving objects:   2% (3/107)
Git#2>Receiving objects:   3% (4/107)
Git#2>Receiving objects:   4% (5/107)
Git#2>Receiving objects:   5% (6/107)
Git#2>Receiving objects:   6% (7/107)
Git#2>Receiving objects:   7% (8/107)
Git#2>Receiving objects:   8% (9/107)
Git#2>Receiving objects:   9% (10/107)
Git#2>Receiving objects:  10% (11/107)
Git#2>Receiving objects:  11% (12/107)
Git#2>Receiving objects:  12% (13/107)
Git#2>Receiving objects:  13% (14/107)
Git#2>Receiving objects:  14% (15/107)
Git#2>Receiving objects:  15% (17/107)
Git#2>Receiving objects:  16% (18/107)
Git#2>Receiving objects:  17% (19/107)
Git#2>Receiving objects:  18% (20/107)
Git#2>Receiving objects:  19% (21/107)
Git#2>Receiving objects:  20% (22/107)
Git#2>Receiving objects:  21% (23/107)
Git#2>Receiving objects:  22% (24/107)
Git#2>Receiving objects:  23% (25/107)
Git#2>Receiving objects:  24% (26/107)
Git#2>Receiving objects:  25% (27/107)
Git#2>Receiving objects:  26% (28/107)
Git#2>Receiving objects:  27% (29/107)
Git#2>Receiving objects:  28% (30/107)
Git#2>Receiving objects:  29% (32/107)
Git#2>Receiving objects:  30% (33/107)
Git#2>Receiving objects:  31% (34/107)
Git#2>Receiving objects:  32% (35/107)
Git#2>Receiving objects:  33% (36/107)
Git#2>Receiving objects:  34% (37/107)
Git#2>Receiving objects:  35% (38/107)
Git#2>Receiving objects:  36% (39/107)
Git#2>Receiving objects:  37% (40/107)
Git#2>Receiving objects:  38% (41/107)
Git#2>Receiving objects:  39% (42/107)
Git#2>Receiving objects:  40% (43/107)
Git#2>Receiving objects:  41% (44/107)
Git#2>Receiving objects:  42% (45/107)
Git#2>Receiving objects:  43% (47/107)
Git#2>Receiving objects:  44% (48/107)
Git#2>Receiving objects:  45% (49/107)
Git#2>Receiving objects:  46% (50/107)
Git#2>Receiving objects:  47% (51/107)
Git#2>Receiving objects:  48% (52/107)
Git#2>Receiving objects:  49% (53/107)
Git#2>Receiving objects:  50% (54/107)
Git#2>Receiving objects:  51% (55/107)
Git#2>Receiving objects:  52% (56/107)
Receiving objects
Git#2>:  53% (57/107)
Git#2>Receiving objects:  54% (58/107)
Git#2>Receiving objects:  55% (59/107)
Git#2>Receiving objects:  56% (60/107)
Git#2>Receiving objects:  57% (61/107)
Git#2>Receiving objects:  58% (63/107)
Git#2>Receiving objects:  59% (64/107)
Git#2>remote: Total 107 (delta 29), reused 99 (delta 23), pack-reused 0 (from 0)        
Git#2>Receiving objects:  60% (65/107)
Git#2>Receiving objects:  61% (66/107)
Git#2>Receiving objects:  62% (67/107)
Git#2>Receiving objects:  63% (68/107)
Git#2>Receiving objects:  64% (69/107)
Git#2>Receiving objects:  65% (70/107)
Git#2>Receiving objects:  66% (71/107)
Git#2>Receiving objects:  67% (72/107)
Git#2>Receiving objects:  68% (73/107)
Git#2>Receiving objects:  69% (74/107)
Git#2>Receiving objects:  70% (75/107)
Git#2>Receiving objects:  71% (76/107)
Git#2>Receiving objects:  72% (78/107)
Git#2>Receiving objects:  73% (79/107)
Git#2>Receiving objects:  74% (80/107)
Git#2>Receiving objects:  75% (81/107)
Git#2>Receiving objects:  76% (82/107)
Git#2>Receiving objects:  77% (83/107)
Git#2>Receiving objects:  78% (84/107)
Git#2>Receiving objects:  79% (85/107)
Git#2>Receiving objects:  80% (86/107)
Git#2>Receiving objects:  81% (87/107)
Git#2>Receiving objects:  82% (88/107)
Git#2>Receiving objects:  83% (89/107)
Git#2>Receiving objects:  84% (90/107)
Git#2>Receiving objects:  85% (91/107)
Git#2>Receiving objects:  86% (93/107)
Git#2>Receiving objects:  87% (94/107)
Git#2>Receiving objects:  88% (95/107)
Git#2>Receiving objects:  89% (96/107)
Git#2>Receiving objects:  90% (97/107)
Git#2>Receiving objects:  91% (98/107)
Git#2>Receiving objects:  92% (99/107)
Git#2>Receiving objects:  93% (100/107)
Git#2>Receiving objects:  94% (101/107)
Git#2>Receiving objects:  95% (102/107)
Git#2>Receiving objects:  96% (103/107)
Git#2>Receiving objects:  97% (104/107)
Git#2>Receiving objects:  98% (105/107)
Git#2>Receiving objects:  99% (106/107)
Git#2>Receiving objects: 100% (107/107)
Git#2>Receiving objects: 100% (107/107), 23.04 KiB | 268.00 KiB/s, done.
Git#2>Resolving deltas:   0% (0/29)
Git#2>Resolving deltas:   3% (1/29)
Git#2>Resolving deltas:   6% (2/29)
Git#2>Resolving deltas:  10% (3/29)
Git#2>Resolving deltas:  13% (4/29)
Git#2>Resolving deltas:  17% (5/29)
Git#2>Resolving deltas:  20% (6/29)
Git#2>Resolving deltas:  24% (7/29)
Git#2>Resolving deltas:  27% (8/29)
Git#2>Resolving deltas:  31% (9/29)
Git#2>Resolving deltas:  34% (10/29)
Git#2>Resolving deltas:  37% (11/29)
Git#2>Resolving deltas:  41% (12/29)
Git#2>Resolving deltas:  44% (13/29)
Git#2>Resolving deltas:  48% (14/29)
Git#2>Resolving deltas:  51% (15/29)
Git#2>Resolving deltas:  55% (16/29)
Git#2>Resolving deltas:  58% (17/29)
Git#2>Resolving deltas:  62% (18/29)
Git#2>Resolving deltas:  65% (19/29)
Git#2>Resolving deltas:  72% (21/29)
Git#2>Resolving deltas:  75% (22/29)
Git#2>Resolving deltas:  79% (23/29)
Git#2>Resolving deltas:  82% (24/29)
Git#2>Resolving deltas:  86% (25/29)
Git#2>Resolving deltas:  89% (26/29)
Git#2>Resolving deltas:  93% (27/29)
Git#2>Resolving deltas:  96% (28/29)
Git#2>Resolving deltas: 100% (29/29)
Git#2>Resolving deltas: 100% (29/29), done.
Git#2>Success: git -C D:/Infineon/workspace/ForToday/libs clone --progress --origin cypress --no-checkout --filter=blob:none https://github.com/cypresssemiconductorco/TARGET_CYSBSYSKIT-DEV-01 TARGET_CYSBSYSKIT-DEV-01
Git#8>Starting: git -C D:/Infineon/workspace/mtb_shared/recipe-make-cat1a/release-v2.3.1 -c advice.detachedHead=false checkout --progress release-v2.3.1
Git#4>HEAD is now at 1603b9b Upload core-lib [3062]
Git#7>remote: Enumerating objects: 2096, done.        
Git#7>remote: Counting objects:   2% (1/37)        
Git#7>remote: Counting objects:   5% (2/37)        
Git#7>remote: Counting objects:   8% (3/37)        
Git#7>remote: Counting objects:  10% (4/37)        
Git#7>remote: Counting objects:  13% (5/37)        
Git#7>remote: Counting objects:  16% (6/37)        
Git#7>remote: Counting objects:  18% (7/37)        
Git#7>remote: Counting objects:  21% (8/37)        
Git#7>remote: Counting objects:  24% (9/37)        
Git#7>remote: Counting objects:  27% (10/37)        
Git#7>remote: Counting objects:  29% (11/37)        
Git#7>remote: Counting objects:  32% (12/37)        
Git#7>remote: Counting objects:  35% (13/37)        
Git#7>remote: Counting objects:  37% (14/37)        
Git#7>remote: Counting objects:  40% (15/37)        
Git#7>remote: Counting objects:  43% (16/37)        
Git#7>remote: Counting objects:  45% (17/37)        
Git#7>remote: Counting objects:  48% (18/37)        
Git#7>remote: Counting objects:  51% (19/37)        
Git#7>remote: Counting objects:  54% (20/37)        
Git#7>remote: Counting objects:  56% (21/37)        
Git#7>remote: Counting objects:  59% (22/37)        
Git#7>remote: Counting objects:  62% (23/37)        
Git#7>remote: Counting objects:  64% (24/37)        
Git#7>remote: Counting objects:  67% (25/37)        
Git#7>remote: Counting objects:  70% (26/37)        
Git#7>remote: Counting objects:  72% (27/37)        
Git#7>remote: Counting objects:  75% (28/37)        
Git#7>remote: Counting objects:  78% (29/37)        
Git#7>remote: Counting objects:  81% (30/37)        
Git#7>remote: Counting objects:  83% (31/37)        
Git#7>remote: Counting objects:  86% (32/37)        
Git#7>remote: Counting objects:  89% (33/37)        
Git#7>remote: Counting objects:  91% (34/37)        
Git#7>remote: Counting objects:  94% (35/37)        
Git#7>remote: Counting objects:  97% (36/37)        
Git#7>remote: Counting objects: 100% (37/37)        
Git#7>remote: Counting objects: 100% (37/37), done.        
Git#7>remote: Compressing objects:   2% (1/35)        
Git#7>remote: Compressing objects:   5% (2/35)        
Git#7>remote: Compressing objects:   8% (3/35)        
Git#7>remote: Compressing objects:  11% (4/35)        
Git#7>remote: Compressing objects:  14% (5/35)        
Git#7>remote: Compressing objects:  17% (6/35)        
Git#7>remote: Compressing objects:  20% (7/35)        
Git#7>remote: Compressing objects:  22% (8/35)        
Git#7>remote: Compressing objects:  25% (9/35)        
Git#7>remote: Compressing objects:  28% (10/35)        
Git#7>remote: Compressing objects:  31% (11/35)        
Git#7>remote: Compressing objects:  34% (12/35)        
Git#7>remote: Compressing objects:  37% (13/35)        
Git#7>remote: Compressing objects:  40% (14/35)        
Git#7>remote: Compressing objects:  42% (15/35)        
Git#7>remote: Compressing objects:  45% (16/35)        
Git#7>remote: Compressing objects:  48% (17/35)        
Git#7>remote: Compressing objects:  51% (18/35)        
Git#7>remote: Compressing objects:  54% (19/35)        
Git#7>remote: Compressing objects:  57% (20/35)        
Git#7>remote: Compressing objects:  60% (21/35)        
Git#7>remote: Compressing objects:  62% (22/35)        
Git#7>remote: Compressing objects:  65% (23/35)        
Git#7>remote: Compressing objects:  68% (24/35)        
Git#7>remote: Compressing objects:  71% (25/35)        
Git#7>remote: Compressing objects:  74% (26/35)        
Git#7>remote: Compressing objects:  77% (27/35)        
Git#7>remote: Compressing objects:  80% (28/35)        
Git#7>remote: Compressing objects:  82% (29/35)        
Git#7>remote: Compressing objects:  85% (30/35)        
Git#7>remote: Compressing objects:  88% (31/35)        
Git#7>remote: Compressing objects:  91% (32/35)        
Git#7>remote: Compressing objects:  94% (33/35)        
Git#7>remote: Compressing objects:  97% (34/35)        
Git#7>remote: Compressing objects: 100% (35/35)        
Git#7>remote: Compressing objects: 100% (35/35), done.        
Git#4>Success: git -C D:/Infineon/workspace/mtb_shared/core-lib/release-v1.4.3 -c advice.detachedHead=false checkout --progress release-v1.4.3
Git#9>Starting: git -C D:/Infineon/workspace/mtb_shared/bt-fw-ifx-cyw43012/release-v1.0.0 -c advice.detachedHead=false checkout --progress release-v1.0.0
Git#7>Receiving objects:   0% (1/2096)
Git#7>Receiving objects:   1% (21/2096)
Git#7>Receiving objects:   2% (42/2096)
Git#7>Receiving objects:   3% (63/2096)
Git#7>Receiving objects:   4% (84/2096)
Git#7>Receiving objects:   5% (105/2096)
Git#7>Receiving objects:   6% (126/2096)
Git#7>Receiving objects:   7% (147/2096)
Git#7>Receiving objects:   8% (168/2096)
Git#7>Receiving objects:   9% (189/2096)
Git#9>HEAD is now at 29aa12b Upload bt-fw-ifx-cyw43012 1.0.0.2595 [3108]
Git#7>Receiving objects:  10% (210/2096)
Git#7>Receiving objects:  11% (231/2096)
Git#7>Receiving objects:  12% (252/2096)
Git#7>Receiving objects:  13% (273/2096)
Git#7>Receiving objects:  14% (294/2096)
Git#7>Receiving objects:  15% (315/2096)
Git#9>Success: git -C D:/Infineon/workspace/mtb_shared/bt-fw-ifx-cyw43012/release-v1.0.0 -c advice.detachedHead=false checkout --progress release-v1.0.0
Git#10>Starting: git -C D:/Infineon/workspace/mtb_shared/cmsis clone --progress --origin cypress --no-checkout --filter=blob:none https://github.com/Infineon/cmsis release-v5.8.2
Git#7>Receiving objects:  16% (336/2096)
Git#7>Receiving objects:  17% (357/2096)
Git#7>Receiving objects:  18% (378/2096)
Git#7>Receiving objects:  19% (399/2096)
Git#7>Receiving objects:  20% (420/2096)
Git#7>Receiving objects:  21% (441/2096)
Git#7>Receiving objects:  22% (462/2096)
Git#7>Receiving objects:  23% (483/2096)
Git#7>Receiving objects:  24% (504/2096)
Git#7>Receiving objects:  25% (524/2096)
Git#7>Receiving objects:  26% (545/2096)
Git#7>Receiving objects:  27% (566/2096)
Git#7>Receiving objects:  28% (587/2096)
Git#7>Receiving objects:  29% (608/2096)
Git#7>Receiving objects:  30% (629/2096)
Git#7>Receiving objects:  31% (650/2096)
Git#7>Receiving objects:  32% (671/2096)
Git#7>Receiving objects:  33% (692/2096)
Git#7>Receiving objects:  34% (713/2096)
Git#7>Receiving objects:  35% (734/2096)
Git#7>Receiving objects:  36% (755/2096)
Git#10>Cloning into 'release-v5.8.2'...
Git#7>Receiving objects:  37% (776/2096)
Git#7>Receiving objects:  38% (797/2096)
Git#7>Receiving objects:  39% (818/2096)
Git#7>Receiving objects:  40% (839/2096)
Git#7>Receiving objects:  41% (860/2096)
Git#7>Receiving objects:  42% (881/2096)
Git#7>Receiving objects:  43% (902/2096)
Git#7>Receiving objects:  44% (923/2096)
Git#7>Receiving objects:  45% (944/2096)
Git#7>Receiving objects:  46% (965/2096)
Git#7>Receiving objects:  47% (986/2096)
Git#7>Receiving objects:  48% (1007/2096)
Git#7>Receiving objects:  49% (1028/2096)
Git#7>Receiving objects:  50% (1048/2096)
Git#7>Receiving objects:  51% (1069/2096)
Git#7>Receiving objects:  52% (1090/2096)
Git#7>Receiving objects:  53% (1111/2096)
Git#7>Receiving objects:  54% (1132/2096)
Git#7>Receiving objects:  55% (1153/2096)
Git#7>Receiving objects:  56% (1174/2096)
Git#7>Receiving objects:  57% (1195/2096)
Git#7>Receiving objects:  58% (1216/2096)
Git#7>Receiving objects:  59% (1237/2096)
Git#7>Receiving objects:  60% (1258/2096)
Git#7>Receiving objects:  61% (1279/2096)
Git#7>Receiving objects:  62% (1300/2096)
Git#7>Receiving objects:  63% (1321/2096)
Git#7>Receiving objects:  64% (1342/2096)
Git#7>Receiving objects:  65% (1363/2096)
Git#7>Receiving objects:  66% (1384/2096)
Git#7>Receiving objects:  67% (1405/2096)
Git#7>Receiving objects:  68% (1426/2096)
Git#7>Receiving objects:  69% (1447/2096)
Git#7>Receiving objects:  70% (1468/2096)
Git#7>Receiving objects:  71% (1489/2096)
Git#7>Receiving objects:  72% (1510/2096)
Git#7>Receiving objects:  73% (1531/2096)
Git#7>Receiving objects:  74% (1552/2096)
Git#7>Receiving objects:  75% (1572/2096)
Git#7>Receiving objects:  76% (1593/2096)
Git#7>Receiving objects:  77% (1614/2096)
Git#7>Receiving objects:  78% (1635/2096)
Git#7>Receiving objects:  79% (1656/2096)
Git#7>Receiving objects:  80% (1677/2096)
Git#7>Receiving objects:  81% (1698/2096)
Git#7>Receiving objects:  82% (1719/2096)
Git#7>Receiving objects:  83% (1740/2096)
Git#7>Receiving objects:  84% (1761/2096)
Git#7>Receiving objects:  85% (1782/2096)
Git#7>Receiving objects:  86% (1803/2096)
Git#7>Receiving objects:  87% (1824/2096)
Git#7>Receiving objects:  88% (1845/2096)
Git#7>Receiving objects:  89% (1866/2096)
Git#7>Receiving objects:  90% (1887/2096)
Git#7>Receiving objects:  91% (1908/2096)
Git#7>Receiving objects:  92% (1929/2096)
Git#7>Receiving objects:  93% (1950/2096)
Git#7>Receiving objects:  94% (1971/2096)
Git#7>Receiving objects:  95% (1992/2096)
Git#7>Receiving objects:  96% (2013/2096)
Git#7>Receiving objects:  97% (2034/2096)
Git#7>Receiving objects:  98% (2055/2096)
Git#7>Receiving objects:  99% (2076/2096)
Git#7>remote: Total 2096 (delta 7), reused 18 (delta 0), pack-reused 2059 (from 1)        
Git#7>Receiving objects: 100% (2096/2096)
Git#7>Receiving objects: 100% (2096/2096), 667.15 KiB | 1.58 MiB/s, done.
Git#7>Resolving deltas:   0% (0/570)
Git#7>Resolving deltas:   1% (6/570)
Git#7>Resolving deltas:   2% (12/570)
Git#7>Resolving deltas:   3% (19/570)
Git#7>Resolving deltas:   4% (23/570)
Git#7>Resolving deltas:   5% (29/570)
Git#7>Resolving deltas:   6% (35/570)
Git#7>Resolving deltas:   7% (44/570)
Git#7>Resolving deltas:   9% (52/570)
Git#7>Resolving deltas:  10% (58/570)
Git#7>Resolving deltas:  11% (65/570)
Git#7>Resolving deltas:  12% (69/570)
Git#7>Resolving deltas:  13% (75/570)
Git#7>Resolving deltas:  14% (81/570)
Git#7>Resolving deltas:  15% (87/570)
Git#7>Resolving deltas:  16% (93/570)
Git#7>Resolving deltas:  17% (97/570)
Git#7>Resolving deltas:  18% (103/570)
Git#7>Resolving deltas:  19% (111/570)
Git#7>Resolving deltas:  20% (115/570)
Git#7>Resolving deltas:  21% (120/570)
Git#7>Resolving deltas:  22% (126/570)
Git#7>Resolving deltas:  23% (132/570)
Git#7>Resolving deltas:  24% (137/570)
Git#7>Resolving deltas:  25% (144/570)
Git#7>Resolving deltas:  26% (150/570)
Git#7>Resolving deltas:  27% (157/570)
Git#7>Resolving deltas:  28% (162/570)
Git#7>Resolving deltas:  29% (166/570)
Git#7>Resolving deltas:  30% (171/570)
Git#7>Resolving deltas:  31% (177/570)
Git#7>Resolving deltas:  32% (183/570)
Git#7>Resolving deltas:  33% (189/570)
Git#7>Resolving deltas:  34% (196/570)
Git#7>Resolving deltas:  35% (200/570)
Git#7>Resolving deltas:  36% (206/570)
Git#7>Resolving deltas:  37% (211/570)
Git#7>Resolving deltas:  38% (217/570)
Git#7>Resolving deltas:  39% (223/570)
Git#7>Resolving deltas:  40% (228/570)
Git#7>Resolving deltas:  41% (234/570)
Git#7>Resolving deltas:  42% (242/570)
Git#7>Resolving deltas:  43% (247/570)
Git#7>Resolving deltas:  44% (251/570)
Git#7>Resolving deltas:  45% (258/570)
Git#7>Resolving deltas:  46% (263/570)
Git#7>Resolving deltas:  47% (268/570)
Git#7>Resolving deltas:  48% (279/570)
Git#7>Resolving deltas:  49% (280/570)
Git#7>Resolving deltas:  50% (287/570)
Git#7>Resolving deltas:  51% (291/570)
Git#7>Resolving deltas:  52% (300/570)
Git#7>Resolving deltas:  53% (304/570)
Git#7>Resolving deltas:  54% (308/570)
Git#7>Resolving deltas:  55% (314/570)
Git#7>Resolving deltas:  56% (323/570)
Git#7>Resolving deltas:  57% (328/570)
Git#7>Resolving deltas:  58% (331/570)
Git#7>Resolving deltas:  59% (337/570)
Git#7>Resolving deltas:  60% (342/570)
Git#7>Resolving deltas:  61% (348/570)
Git#7>Resolving deltas:  62% (355/570)
Git#7>Resolving deltas:  63% (360/570)
Git#7>Resolving deltas:  64% (365/570)
Git#7>Resolving deltas:  65% (371/570)
Git#7>Resolving deltas:  66% (377/570)
Git#7>Resolving deltas:  67% (383/570)
Git#7>Resolving deltas:  68% (388/570)
Git#7>Resolving deltas:  69% (395/570)
Git#7>Resolving deltas:  70% (399/570)
Git#7>Resolving deltas:  71% (405/570)
Git#7>Resolving deltas:  72% (411/570)
Git#7>Resolving deltas:  73% (418/570)
Git#7>Resolving deltas:  74% (422/570)
Git#7>Resolving deltas:  75% (429/570)
Git#7>Resolving deltas:  76% (434/570)
Git#7>Resolving deltas:  77% (440/570)
Git#7>Resolving deltas:  78% (445/570)
Git#7>Resolving deltas:  79% (452/570)
Git#7>Resolving deltas:  80% (456/570)
Git#7>Resolving deltas:  81% (462/570)
Git#7>Resolving deltas:  82% (468/570)
Git#7>Resolving deltas:  83% (476/570)
Git#7>Resolving deltas:  84% (479/570)
Git#7>Resolving deltas:  85% (486/570)
Git#7>Resolving deltas:  86% (491/570)
Git#7>Resolving deltas:  87% (496/570)
Git#7>Resolving deltas:  88% (502/570)
Git#7>Resolving deltas:  89% (508/570)
Git#7>Resolving deltas:  90% (513/570)
Git#7>Resolving deltas:  91% (520/570)
Git#7>Resolving deltas:  92% (526/570)
Git#7>Resolving deltas:  93% (531/570)
Git#7>Resolving deltas:  94% (536/570)
Git#7>Resolving deltas:  95% (542/570)
Git#7>Resolving deltas:  96% (549/570)
Git#7>Resolving deltas:  97% (554/570)
Git#7>Resolving deltas:  98% (560/570)
Git#7>Resolving deltas:  99% (565/570)
Git#7>Resolving deltas: 100% (570/570)
Git#7>Resolving deltas: 100% (570/570), done.
Git#7>Success: git -C D:/Infineon/workspace/mtb_shared/mtb-pdl-cat1 clone --progress --origin cypress --no-checkout --filter=blob:none https://github.com/cypresssemiconductorco/mtb-pdl-cat1 release-v3.15.0
Git#11>Starting: git -C C:/Users/yashu/.modustoolbox/global/device-db/release-v4.21.0 -c advice.detachedHead=false checkout --progress release-v4.21.0
Git#10>remote: Enumerating objects: 72, done.        
Git#10>remote: Counting objects:   1% (1/72)        
Git#10>remote: Counting objects:   2% (2/72)        
Git#10>remote: Counting objects:   4% (3/72)        
Git#10>remote: Counting objects:   5% (4/72)        
Git#10>remote: Counting objects:   6% (5/72)        
Git#10>remote: Counting objects:   8% (6/72)        
Git#10>remote: Counting objects:   9% (7/72)        
Git#10>remote: Counting objects:  11% (8/72)        
Git#10>remote: Counting objects:  12% (9/72)        
Git#10>remote: Counting objects:  13% (10/72)        
Git#10>remote: Counting objects:  15% (11/72)        
Git#10>remote: Counting objects:  16% (12/72)        
Git#10>remote: Counting objects:  18% (13/72)        
Git#10>remote: Counting objects:  19% (14/72)        
Git#10>remote: Counting objects:  20% (15/72)        
Git#10>remote: Counting objects:  22% (16/72)        
Git#10>remote: Counting objects:  23% (17/72)        
Git#10>remote: Counting objects:  25% (18/72)        
Git#10>remote: Counting objects:  26% (19/72)        
Git#10>remote: Counting objects:  27% (20/72)        
Git#10>remote: Counting objects:  29% (21/72)        
Git#10>remote: Counting objects:  30% (22/72)        
Git#10>remote: Counting objects:  31% (23/72)        
Git#10>remote: Counting objects:  33% (24/72)        
Git#10>remote: Counting objects:  34% (25/72)        
Git#10>remote: Counting objects:  36% (26/72)        
Git#10>remote: Counting objects:  37% (27/72)        
Git#10>remote: Counting objects:  38% (28/72)        
Git#10>remote: Counting objects:  40% (29/72)        
Git#10>remote: Counting objects:  41% (30/72)        
Git#10>remote: Counting objects:  43% (31/72)        
Git#10>remote: Counting objects:  44% (32/72)        
Git#10>remote: Counting objects:  45% (33/72)        
Git#10>remote: Counting objects:  47% (34/72)        
Git#10>remote: Counting objects:  48% (35/72)        
Git#10>remote: Counting objects:  50% (36/72)        
Git#10>remote: Counting objects:  51% (37/72)        
Git#10>remote: Counting objects:  52% (38/72)        
Git#10>remote: Counting objects:  54% (39/72)        
Git#10>remote: Counting objects:  55% (40/72)        
Git#10>remote: Counting objects:  56% (41/72)        
Git#10>remote: Counting objects:  58% (42/72)        
Git#10>remote: Counting objects:  59% (43/72)        
Git#10>remote: Counting objects:  61% (44/72)        
Git#10>remote: Counting objects:  62% (45/72)        
Git#10>remote: Counting objects:  63% (46/72)        
Git#10>remote: Counting objects:  65% (47/72)        
Git#10>remote: Counting objects:  66% (48/72)        
Git#10>remote: Counting objects:  68% (49/72)        
Git#10>remote: Counting objects:  69% (50/72)        
Git#10>remote: Counting objects:  70% (51/72)        
Git#10>remote: Counting objects:  72% (52/72)        
Git#10>remote: Counting objects:  73% (53/72)        
Git#10>remote: Counting objects:  75% (54/72)        
Git#10>remote: Counting objects:  76% (55/72)        
Git#10>remote: Counting objects:  77% (56/72)        
Git#10>remote: Counting objects:  79% (57/72)        
Git#10>remote: Counting objects:  80% (58/72)        
Git#10>remote: Counting objects:  81% (59/72)        
Git#10>remote: Counting objects:  83% (60/72)        
Git#10>remote: Counting objects:  84% (61/72)        
Git#10>remote: Counting objects:  86% (62/72)        
Git#10>remote: Counting objects:  87% (63/72)        
Git#10>remote: Counting objects:  88% (64/72)        
Git#10>remote: Counting objects:  90% (65/72)        
Git#10>remote: Counting objects:  91% (66/72)        
Git#10>remote: Counting objects:  93% (67/72)        
Git#10>remote: Counting objects:  94% (68/72)        
Git#10>remote: Counting objects:  95% (69/72)        
Git#10>remote: Counting objects:  97% (70/72)        
Git#10>remote: Counting objects:  98% (71/72)        
Git#10>remote: Counting objects: 100% (72/72)        
Git#10>remote: Counting objects: 100% (72/72), done.        
Git#10>remote: Compressing objects:   1% (1/58)        
Git#10>remote: Compressing objects:   3% (2/58)        
Git#10>remote: Compressing objects:   5% (3/58)        
Git#10>remote: Compressing objects:   6% (4/58)        
Git#10>remote: Compressing objects:   8% (5/58)        
Git#10>remote: Compressing objects:  10% (6/58)        
Git#10>remote: Compressing objects:  12% (7/58)        
Git#10>remote: Compressing objects:  13% (8/58)        
Git#10>remote: Compressing objects:  15% (9/58)        
Git#10>remote: Compressing objects:  17% (10/58)        
Git#10>remote: Compressing objects:  18% (11/58)        
Git#10>remote: Compressing objects:  20% (12/58)        
Git#10>remote: Compressing objects:  22% (13/58)        
Git#10>remote: Compressing objects:  24% (14/58)        
Git#10>remote: Compressing objects:  25% (15/58)        
Git#10>remote: Compressing objects:  27% (16/58)        
Git#10>remote: Compressing objects:  29% (17/58)        
Git#10>remote: Compressing objects:  31% (18/58)        
Git#10>remote: Compressing objects:  32% (19/58)        
Git#10>remote: Compressing objects:  34% (20/58)        
Git#10>remote: Compressing objects:  36% (21/58)        
Git#10>remote: Compressing objects:  37% (22/58)        
Git#10>remote: Compressing objects:  39% (23/58)        
Git#10>remote: Compressing objects:  41% (24/58)        
Git#10>remote: Compressing objects:  43% (25/58)        
Git#10>remote: Compressing objects:  44% (26/58)        
Git#10>remote: Compressing objects:  46% (27/58)        
Git#10>remote: Compressing objects:  48% (28/58)        
Git#10>remote: Compressing objects:  50% (29/58)        
Git#10>remote: Compressing objects:  51% (30/58)        
Git#10>remote: Compressing objects:  53% (31/58)        
Git#10>remote: Compressing objects:  55% (32/58)        
Git#10>remote: Compressing objects:  56% (33/58)        
Git#10>remote: Compressing objects:  58% (34/58)        
Git#10>remote: Compressing objects:  60% (35/58)        
Git#10>remote: Compressing objects:  62% (36/58)        
Git#10>remote: Compressing objects:  63% (37/58)        
Git#10>remote: Compressing objects:  65% (38/58)        
Git#10>remote: Compressing objects:  67% (39/58)        
Git#10>remote: Compressing objects:  68% (40/58)        
Git#10>remote: Compressing objects:  70% (41/58)        
Git#10>remote: Compressing objects:  72% (42/58)        
Git#10>remote: Compressing objects:  74% (43/58)        
Git#10>remote: Compressing objects:  75% (44/58)        
Git#10>remote: Compressing objects:  77% (45/58)        
Git#10>remote: Compressing objects:  79% (46/58)        
Git#10>remote: Compressing objects:  81% (47/58)        
Git#10>remote: Compressing objects:  82% (48/58)        
Git#10>remote: Compressing objects:  84% (49/58)        
Git#10>remote: Compressing objects:  86% (50/58)        
Git#10>remote: Compressing objects:  87% (51/58)        
Git#10>remote: Compressing objects:  89% (52/58)        
Git#10>remote: Compressing objects:  91% (53/58)        
Git#10>remote: Compressing objects:  93% (54/58)        
Git#10>remote: Compressing objects:  94% (55/58)        
Git#10>remote: Compressing objects:  96% (56/58)        
Git#10>remote: Compressing objects:  98% (57/58)        
Git#10>remote: Compressing objects: 100% (58/58)        
Git#10>remote: Compressing objects: 100% (58/58), done.        
Git#10>remote: Total 72 (delta 14), reused 67 (delta 11), pack-reused 0 (from 0)        
Git#8>HEAD is now at 6bd7d3d Upload recipe-make-cat1a 2.3.1.6098 [2900]
Git#8>Success: git -C D:/Infineon/workspace/mtb_shared/recipe-make-cat1a/release-v2.3.1 -c advice.detachedHead=false checkout --progress release-v2.3.1
Git#12>Starting: git -C D:/Infineon/workspace/ForToday/libs/TARGET_CYSBSYSKIT-DEV-01 -c advice.detachedHead=false checkout --progress release-v5.0.0
Git#10>Receiving objects:   1% (1/72)
Git#10>Receiving objects:   2% (2/72)
Git#10>Receiving objects:   4% (3/72)
Git#10>Receiving objects:   5% (4/72)
Git#10>Receiving objects:   6% (5/72)
Git#10>Receiving objects:   8% (6/72)
Git#10>Receiving objects:   9% (7/72)
Git#10>Receiving objects:  11% (8/72)
Git#10>Receiving objects:  12% (9/72)
Git#10>Receiving objects:  13% (10/72)
Git#10>Receiving objects:  15% (11/72)
Git#10>Receiving objects:  16% (12/72)
Git#10>Receiving objects:  18% (13/72)
Git#10>Receiving objects:  19% (14/72)
Git#10>Receiving objects:  20% (15/72)
Git#10>Receiving objects:  22% (16/72)
Git#10>Receiving objects:  23% (17/72)
Git#10>Receiving objects:  25% (18/72)
Git#10>Receiving objects:  26% (19/72)
Git#10>Receiving objects:  27% (20/72)
Git#10>Receiving objects:  29% (21/72)
Git#10>Receiving objects:  30% (22/72)
Git#10>Receiving objects:  31% (23/72)
Git#10>Receiving objects:  33% (24/72)
Git#10>Receiving objects:  34% (25/72)
Git#10>Receiving objects:  36% (26/72)
Git#10>Receiving objects:  37% (27/72)
Git#10>Receiving objects:  38% (28/72)
Git#10>Receiving objects:  40% (29/72)
Git#10>Receiving objects:  41% (30/72)
Git#10>Receiving objects:  43% (31/72)
Git#10>Receiving objects:  44% (32/72)
Git#10>Receiving objects:  45% (33/72)
Git#10>Receiving objects:  47% (34/72)
Git#10>Receiving objects:  48% (35/72)
Git#10>Receiving objects:  50% (36/72)
Git#10>Receiving objects:  51% (37/72)
Git#10>Receiving objects:  52% (38/72)
Git#10>Receiving objects:  54% (39/72)
Git#10>Receiving objects:  55% (40/72)
Git#10>Receiving objects:  56% (41/72)
Git#10>Receiving objects:  58% (42/72)
Git#10>Receiving objects:  59% (43/72)
Git#10>Receiving objects:  61% (44/72)
Git#10>Receiving objects:  62% (45/72)
Git#10>Receiving objects:  63% (46/72)
Git#10>Receiving objects:  65% (47/72)
Git#10>Receiving objects:  66% (48/72)
Git#10>Receiving objects:  68% (49/72)
Git#10>Receiving objects:  69% (50/72)
Git#10>Receiving objects:  70% (51/72)
Git#10>Receiving objects:  72% (52/72)
Git#10>Receiving objects:  73% (53/72)
Git#10>Receiving objects:  75% (54/72)
Git#10>Receiving objects:  76% (55/72)
Git#10>Receiving objects:  77% (56/72)
Git#10>Receiving objects:  79% (57/72)
Git#10>Receiving objects:  80% (58/72)
Git#10>Receiving objects:  81% (59/72)
Git#10>Receiving objects:  83% (60/72)
Git#10>Receiving objects:  84% (61/72)
Git#10>Receiving objects:  86% (62/72)
Git#10>Receiving objects:  87% (63/72)
Git#10>Receiving objects:  88% (64/72)
Git#10>Receiving objects:  90% (65/72)
Git#10>Receiving objects:  91% (66/72)
Git#10>Receiving objects:  93% (67/72)
Git#10>Receiving objects:  94% (68/72)
Git#10>Receiving objects:  95% (69/72)
Git#10>Receiving objects:  97% (70/72)
Git#10>Receiving objects:  98% (71/72)
Git#10>Receiving objects: 100% (72/72)
Git#10>Receiving objects: 100% (72/72), 35.71 KiB | 5.10 MiB/s, done.
Git#10>Resolving deltas:   0% (0/14)
Git#10>Resolving deltas:   7% (1/14)
Git#10>Resolving deltas:  14% (2/14)
Git#10>Resolving deltas:  21% (3/14)
Git#10>Resolving deltas:  28% (4/14)
Git#10>Resolving deltas:  35% (5/14)
Git#10>Resolving deltas:  42% (6/14)
Git#10>Resolving deltas:  50% (7/14)
Git#10>Resolving deltas:  57% (8/14)
Git#10>Resolving deltas:  64% (9/14)
Git#10>Resolving deltas:  71% (10/14)
Git#10>Resolving deltas:  78% (11/14)
Git#10>Resolving deltas:  85% (12/14)
Git#10>Resolving deltas:  92% (13/14)
Git#10>Resolving deltas: 100% (14/14)
Git#10>Resolving deltas: 100% (14/14), done.
Git#10>Success: git -C D:/Infineon/workspace/mtb_shared/cmsis clone --progress --origin cypress --no-checkout --filter=blob:none https://github.com/Infineon/cmsis release-v5.8.2
Git#13>Starting: git -C D:/Infineon/workspace/mtb_shared/mtb-pdl-cat1/release-v3.15.0 -c advice.detachedHead=false checkout --progress release-v3.15.0
Git#12>Updating files:   1% (2/138)
Git#12>Updating files:   2% (3/138)
Git#12>Updating files:   3% (5/138)
Git#12>Updating files:   4% (6/138)
Git#12>Updating files:   5% (7/138)
Git#12>Updating files:   6% (9/138)
Git#12>Updating files:   7% (10/138)
Git#12>Updating files:   8% (12/138)
Git#12>Updating files:   9% (13/138)
Git#12>Updating files:  10% (14/138)
Git#12>Updating files:  11% (16/138)
Git#12>Updating files:  12% (17/138)
Git#12>Updating files:  13% (18/138)
Git#12>Updating files:  14% (20/138)
Git#12>Updating files:  15% (21/138)
Git#12>Updating files:  16% (23/138)
Git#12>Updating files:  17% (24/138)
Git#12>Updating files:  18% (25/138)
Git#12>Updating files:  19% (27/138)
Git#12>Updating files:  20% (28/138)
Git#12>Updating files:  21% (29/138)
Git#12>Updating files:  22% (31/138)
Git#12>Updating files:  23% (32/138)
Git#12>Updating files:  24% (34/138)
Git#12>Updating files:  25% (35/138)
Git#12>Updating files:  26% (36/138)
Git#12>Updating files:  27% (38/138)
Git#12>Updating files:  28% (39/138)
Git#12>Updating files:  29% (41/138)
Git#12>Updating files:  30% (42/138)
Git#12>Updating files:  31% (43/138)
Git#12>Updating files:  32% (45/138)
Git#12>Updating files:  33% (46/138)
Git#12>Updating files:  34% (47/138)
Git#12>Updating files:  35% (49/138)
Git#12>Updating files:  36% (50/138)
Git#11>HEAD is now at 516d3c46 Upload device-db 4.21.0.7643 [3221]
Git#11>Success: git -C C:/Users/yashu/.modustoolbox/global/device-db/release-v4.21.0 -c advice.detachedHead=false checkout --progress release-v4.21.0
Git#14>Starting: git -C D:/Infineon/workspace/mtb_shared/cmsis/release-v5.8.2 -c advice.detachedHead=false checkout --progress release-v5.8.2
Git#12>Updating files:  37% (52/138)
Git#12>Updating files:  38% (53/138)
Git#12>Updating files:  39% (54/138)
Git#12>Updating files:  40% (56/138)
Git#12>Updating files:  41% (57/138)
Git#12>Updating files:  42% (58/138)
Git#12>Updating files:  43% (60/138)
Git#12>Updating files:  44% (61/138)
Git#12>Updating files:  45% (63/138)
Git#12>Updating files:  46% (64/138)
Git#12>Updating files:  47% (65/138)
Git#12>Updating files:  48% (67/138)
Git#12>Updating files:  49% (68/138)
Git#12>Updating files:  50% (69/138)
Git#12>Updating files:  51% (71/138)
Git#12>Updating files:  52% (72/138)
Git#12>Updating files:  53% (74/138)
Git#12>Updating files:  54% (75/138)
Git#12>Updating files:  55% (76/138)
Git#12>Updating files:  56% (78/138)
Git#12>Updating files:  57% (79/138)
Git#12>Updating files:  58% (81/138)
Git#12>Updating files:  59% (82/138)
Git#12>Updating files:  60% (83/138)
Git#12>Updating files:  61% (85/138)
Git#12>Updating files:  62% (86/138)
Git#12>Updating files:  63% (87/138)
Git#12>Updating files:  64% (89/138)
Git#12>Updating files:  65% (90/138)
Git#12>Updating files:  66% (92/138)
Git#12>Updating files:  67% (93/138)
Git#12>Updating files:  68% (94/138)
Git#12>Updating files:  69% (96/138)
Git#12>Updating files:  70% (97/138)
Git#12>Updating files:  71% (98/138)
Git#12>Updating files:  72% (100/138)
Git#12>Updating files:  73% (101/138)
Git#12>Updating files:  74% (103/138)
Git#12>Updating files:  75% (104/138)
Git#12>Updating files:  76% (105/138)
Git#12>Updating files:  77% (107/138)
Git#12>Updating files:  78% (108/138)
Git#12>Updating files:  79% (110/138)
Git#12>Updating files:  80% (111/138)
Git#12>Updating files:  81% (112/138)
Git#12>Updating files:  82% (114/138)
Git#12>Updating files:  83% (115/138)
Git#12>Updating files:  84% (116/138)
Git#12>Updating files:  84% (117/138)
Git#12>Updating files:  85% (118/138)
Git#12>Updating files:  86% (119/138)
Git#12>Updating files:  87% (121/138)
Git#12>Updating files:  88% (122/138)
Git#12>Updating files:  89% (123/138)
Git#12>Updating files:  90% (125/138)
Git#12>Updating files:  91% (126/138)
Git#12>Updating files:  92% (127/138)
Git#12>Updating files:  93% (129/138)
Git#12>Updating files:  94% (130/138)
Git#12>Updating files:  95% (132/138)
Git#12>Updating files:  96% (133/138)
Git#12>Updating files:  97% (134/138)
Git#12>Updating files:  98% (136/138)
Git#12>Updating files:  99% (137/138)
Git#12>Updating files: 100% (138/138)
Git#12>Updating files: 100% (138/138), done.
Git#12>HEAD is now at 5dcf706 Upload TARGET_CYSBSYSKIT-DEV-01 [3108]
Git#12>Success: git -C D:/Infineon/workspace/ForToday/libs/TARGET_CYSBSYSKIT-DEV-01 -c advice.detachedHead=false checkout --progress release-v5.0.0
Git#14>Updating files:   0% (2/859)
Git#14>Updating files:   1% (9/859)
Git#14>Updating files:   2% (18/859)
Git#14>Updating files:   3% (26/859)
Git#14>Updating files:   3% (27/859)
Git#14>Updating files:   4% (35/859)
Git#14>Updating files:   5% (43/859)
Git#14>Updating files:   6% (52/859)
Git#14>Updating files:   7% (61/859)
Git#14>Updating files:   8% (69/859)
Git#14>Updating files:   9% (78/859)
Git#14>Updating files:  10% (86/859)
Git#14>Updating files:  10% (89/859)
Git#14>Updating files:  11% (95/859)
Git#14>Updating files:  12% (104/859)
Git#14>Updating files:  13% (112/859)
Git#14>Updating files:  14% (121/859)
Git#14>Updating files:  15% (129/859)
Git#14>Updating files:  16% (138/859)
Git#14>Updating files:  17% (147/859)
Git#14>Updating files:  17% (153/859)
Git#14>Updating files:  18% (155/859)
Git#14>Updating files:  19% (164/859)
Git#14>Updating files:  20% (172/859)
Git#14>Updating files:  21% (181/859)
Git#14>Updating files:  22% (189/859)
Git#14>Updating files:  23% (198/859)
Git#14>Updating files:  24% (207/859)
Git#14>Updating files:  25% (215/859)
Git#14>Updating files:  25% (216/859)
Git#14>Updating files:  26% (224/859)
Git#14>Updating files:  27% (232/859)
Git#14>Updating files:  28% (241/859)
Git#14>Updating files:  29% (250/859)
Git#14>Updating files:  30% (258/859)
Git#14>Updating files:  31% (267/859)
Git#14>Updating files:  32% (275/859)
Git#14>Updating files:  32% (279/859)
Git#14>Updating files:  33% (284/859)
Git#14>Updating files:  34% (293/859)
Git#14>Updating files:  35% (301/859)
Git#14>Updating files:  36% (310/859)
Git#14>Updating files:  37% (318/859)
Git#14>Updating files:  38% (327/859)
Git#14>Updating files:  39% (336/859)
Git#14>Updating files:  39% (343/859)
Git#14>Updating files:  40% (344/859)
Git#14>Updating files:  41% (353/859)
Git#14>Updating files:  42% (361/859)
Git#14>Updating files:  43% (370/859)
Git#14>Updating files:  44% (378/859)
Git#14>Updating files:  45% (387/859)
Git#14>Updating files:  46% (396/859)
Git#14>Updating files:  46% (402/859)
Git#14>Updating files:  47% (404/859)
Git#14>Updating files:  48% (413/859)
Git#14>Updating files:  49% (421/859)
Git#13>Updating files:   0% (2/4087)
Git#14>Updating files:  50% (430/859)
Git#14>Updating files:  51% (439/859)
Git#14>Updating files:  52% (447/859)
Git#13>Updating files:   1% (41/4087)
Git#14>Updating files:  53% (456/859)
Git#14>Updating files:  53% (458/859)
Git#14>Updating files:  54% (464/859)
Git#14>Updating files:  55% (473/859)
Git#13>Updating files:   1% (63/4087)
Git#14>Updating files:  56% (482/859)
Git#14>Updating files:  57% (490/859)
Git#13>Updating files:   2% (82/4087)
Git#14>Updating files:  58% (499/859)
Git#14>Updating files:  59% (507/859)
Git#14>Updating files:  60% (516/859)
Git#14>Updating files:  60% (523/859)
Git#14>Updating files:  61% (524/859)
Git#13>Updating files:   3% (123/4087)
Git#14>Updating files:  62% (533/859)
Git#13>Updating files:   3% (134/4087)
Git#14>Updating files:  63% (542/859)
Git#14>Updating files:  64% (550/859)
Git#14>Updating files:  65% (559/859)
Git#13>Updating files:   4% (164/4087)
Git#14>Updating files:  66% (567/859)
Git#14>Updating files:  67% (576/859)
Git#14>Updating files:  67% (583/859)
Git#14>Updating files:  68% (585/859)
Git#14>Updating files:  69% (593/859)
Git#13>Updating files:   5% (205/4087)
Git#14>Updating files:  70% (602/859)
Git#14>Updating files:  71% (610/859)
Git#14>Updating files:  72% (619/859)
Git#14>Updating files:  73% (628/859)
Git#13>Updating files:   6% (246/4087)
Git#14>Updating files:  74% (636/859)
Git#14>Updating files:  74% (640/859)
Git#14>Updating files:  75% (645/859)
Git#14>Updating files:  76% (653/859)
Git#13>Updating files:   6% (277/4087)
Git#14>Updating files:  77% (662/859)
Git#13>Updating files:   7% (287/4087)
Git#14>Updating files:  78% (671/859)
Git#14>Updating files:  79% (679/859)
Git#14>Updating files:  80% (688/859)
Git#14>Updating files:  81% (696/859)
Git#14>Updating files:  81% (698/859)
Git#14>Updating files:  82% (705/859)
Git#13>Updating files:   8% (327/4087)
Git#14>Updating files:  83% (713/859)
Git#13>Updating files:   8% (335/4087)
Git#14>Updating files:  84% (722/859)
Git#14>Updating files:  85% (731/859)
Git#14>Updating files:  86% (739/859)
Git#14>Updating files:  87% (748/859)
Git#13>Updating files:   9% (368/4087)
Git#14>Updating files:  88% (756/859)
Git#14>Updating files:  88% (759/859)
Git#14>Updating files:  89% (765/859)
Git#14>Updating files:  90% (774/859)
Git#13>Updating files:   9% (388/4087)
Git#14>Updating files:  91% (782/859)
Git#14>Updating files:  92% (791/859)
Git#13>Updating files:  10% (409/4087)
Git#14>Updating files:  93% (799/859)
Git#14>Updating files:  94% (808/859)
Git#14>Updating files:  94% (814/859)
Git#14>Updating files:  95% (817/859)
Git#14>Updating files:  96% (825/859)
Git#13>Updating files:  10% (445/4087)
Git#13>Updating files:  11% (450/4087)
Git#14>Updating files:  97% (834/859)
Git#14>Updating files:  98% (842/859)
Git#14>Updating files:  99% (851/859)
Git#14>Updating files: 100% (859/859)
Git#14>Updating files: 100% (859/859), done.
Git#14>HEAD is now at 89700d7 Upload cmsis 5.8.2.133 [3108]
Git#14>Success: git -C D:/Infineon/workspace/mtb_shared/cmsis/release-v5.8.2 -c advice.detachedHead=false checkout --progress release-v5.8.2
Git#13>Updating files:  12% (491/4087)
Git#13>Updating files:  12% (505/4087)
Git#13>Updating files:  13% (532/4087)
Git#13>Updating files:  13% (564/4087)
Git#13>Updating files:  14% (573/4087)
Git#13>Updating files:  15% (614/4087)
Git#13>Updating files:  15% (628/4087)
Git#13>Updating files:  16% (654/4087)
Git#13>Updating files:  17% (695/4087)
Git#13>Updating files:  17% (696/4087)
Git#13>Updating files:  18% (736/4087)
Git#13>Updating files:  18% (765/4087)
Git#13>Updating files:  19% (777/4087)
Git#13>Updating files:  20% (818/4087)
Git#13>Updating files:  20% (829/4087)
Git#13>Updating files:  21% (859/4087)
Git#13>Updating files:  21% (893/4087)
Git#13>Updating files:  22% (900/4087)
Git#13>Updating files:  23% (941/4087)
Git#13>Updating files:  23% (960/4087)
Git#13>Updating files:  24% (981/4087)
Git#13>Updating files:  25% (1022/4087)
Git#13>Updating files:  25% (1023/4087)
Git#6>HEAD is now at 14e7f49 Upload mtb-hal-cat1 [3108]
Git#6>Success: git -C D:/Infineon/workspace/mtb_shared/mtb-hal-cat1/release-v2.6.2 -c advice.detachedHead=false checkout --progress release-v2.6.2
Git#13>Updating files:  26% (1063/4087)
Git#13>Updating files:  26% (1091/4087)
Git#13>Updating files:  27% (1104/4087)
Git#13>Updating files:  27% (1129/4087)
Git#13>Updating files:  28% (1145/4087)
Git#13>Updating files:  29% (1186/4087)
Git#13>Updating files:  29% (1197/4087)
Git#13>Updating files:  30% (1227/4087)
Git#13>Updating files:  30% (1266/4087)
Git#13>Updating files:  31% (1267/4087)
Git#13>Updating files:  32% (1308/4087)
Git#13>Updating files:  32% (1326/4087)
Git#13>Updating files:  33% (1349/4087)
Git#13>Updating files:  34% (1390/4087)
Git#13>Updating files:  34% (1394/4087)
Git#13>Updating files:  35% (1431/4087)
Git#13>Updating files:  35% (1434/4087)
Git#13>Updating files:  35% (1460/4087)
Git#13>Updating files:  36% (1472/4087)
Git#13>Updating files:  36% (1480/4087)
Git#13>Updating files:  36% (1493/4087)
Git#13>Updating files:  36% (1504/4087)
Git#13>Updating files:  37% (1513/4087)
Git#13>Updating files:  37% (1527/4087)
Git#13>Updating files:  37% (1541/4087)
Git#13>Updating files:  38% (1554/4087)
Git#13>Updating files:  38% (1557/4087)
Git#13>Updating files:  38% (1575/4087)
Git#13>Updating files:  38% (1593/4087)
Git#13>Updating files:  39% (1594/4087)
Git#13>Updating files:  39% (1609/4087)
Git#13>Updating files:  39% (1625/4087)
Git#13>Updating files:  40% (1635/4087)
Git#13>Updating files:  40% (1641/4087)
Git#13>Updating files:  40% (1659/4087)
Git#13>Updating files:  40% (1675/4087)
Git#13>Updating files:  41% (1676/4087)
Git#13>Updating files:  41% (1689/4087)
Git#13>Updating files:  41% (1706/4087)
Git#13>Updating files:  42% (1717/4087)
Git#13>Updating files:  42% (1723/4087)
Git#13>Updating files:  42% (1740/4087)
Git#13>Updating files:  42% (1755/4087)
Git#13>Updating files:  43% (1758/4087)
Git#13>Updating files:  43% (1773/4087)
Git#13>Updating files:  43% (1791/4087)
Git#13>Updating files:  44% (1799/4087)
Git#13>Updating files:  44% (1809/4087)
Git#13>Updating files:  44% (1823/4087)
Git#13>Updating files:  45% (1840/4087)
Git#13>Updating files:  45% (1841/4087)
Git#13>Updating files:  45% (1858/4087)
Git#13>Updating files:  45% (1875/4087)
Git#13>Updating files:  46% (1881/4087)
Git#13>Updating files:  46% (1890/4087)
Git#13>Updating files:  46% (1905/4087)
Git#13>Updating files:  47% (1921/4087)
Git#13>Updating files:  47% (1924/4087)
Git#13>Updating files:  47% (1942/4087)
Git#13>Updating files:  47% (1960/4087)
Git#13>Updating files:  48% (1962/4087)
Git#13>Updating files:  48% (1974/4087)
Git#13>Updating files:  48% (1993/4087)
Git#13>Updating files:  49% (2003/4087)
Git#13>Updating files:  49% (2011/4087)
Git#13>Updating files:  49% (2028/4087)
Git#13>Updating files:  49% (2042/4087)
Git#13>Updating files:  50% (2044/4087)
Git#13>Updating files:  50% (2060/4087)
Git#13>Updating files:  50% (2079/4087)
Git#13>Updating files:  51% (2085/4087)
Git#13>Updating files:  51% (2098/4087)
Git#13>Updating files:  51% (2112/4087)
Git#13>Updating files:  52% (2126/4087)
Git#13>Updating files:  52% (2130/4087)
Git#13>Updating files:  52% (2148/4087)
Git#13>Updating files:  52% (2165/4087)
Git#13>Updating files:  53% (2167/4087)
Git#13>Updating files:  53% (2182/4087)
Git#13>Updating files:  53% (2197/4087)
Git#13>Updating files:  54% (2207/4087)
Git#13>Updating files:  54% (2216/4087)
Git#13>Updating files:  54% (2233/4087)
Git#13>Updating files:  55% (2248/4087)
Git#13>Updating files:  55% (2262/4087)
Git#13>Updating files:  55% (2278/4087)
Git#13>Updating files:  56% (2289/4087)
Git#13>Updating files:  56% (2293/4087)
Git#13>Updating files:  56% (2309/4087)
Git#13>Updating files:  56% (2325/4087)
Git#13>Updating files:  57% (2330/4087)
Git#13>Updating files:  57% (2341/4087)
Git#13>Updating files:  57% (2359/4087)
Git#13>Updating files:  58% (2371/4087)
Git#13>Updating files:  58% (2377/4087)
Git#13>Updating files:  58% (2394/4087)
Git#13>Updating files:  58% (2409/4087)
Git#13>Updating files:  59% (2412/4087)
Git#13>Updating files:  59% (2427/4087)
Git#13>Updating files:  59% (2444/4087)
Git#13>Updating files:  60% (2453/4087)
Git#13>Updating files:  60% (2457/4087)
Git#13>Updating files:  60% (2470/4087)
Git#13>Updating files:  60% (2485/4087)
Git#13>Updating files:  61% (2494/4087)
Git#13>Updating files:  61% (2503/4087)
Git#13>Updating files:  61% (2521/4087)
Git#13>Updating files:  62% (2534/4087)
Git#13>Updating files:  62% (2537/4087)
Git#13>Updating files:  62% (2553/4087)
Git#13>Updating files:  62% (2570/4087)
Git#13>Updating files:  63% (2575/4087)
Git#13>Updating files:  63% (2587/4087)
Git#13>Updating files:  63% (2604/4087)
Git#13>Updating files:  64% (2616/4087)
Git#13>Updating files:  64% (2619/4087)
Git#13>Updating files:  64% (2635/4087)
Git#13>Updating files:  64% (2653/4087)
Git#13>Updating files:  65% (2657/4087)
Git#13>Updating files:  65% (2671/4087)
Git#13>Updating files:  65% (2685/4087)
Git#13>Updating files:  66% (2698/4087)
Git#13>Updating files:  66% (2701/4087)
Git#13>Updating files:  66% (2717/4087)
Git#13>Updating files:  66% (2737/4087)
Git#13>Updating files:  67% (2739/4087)
Git#13>Updating files:  67% (2753/4087)
Git#13>Updating files:  67% (2769/4087)
Git#13>Updating files:  68% (2780/4087)
Git#13>Updating files:  68% (2787/4087)
Git#13>Updating files:  68% (2804/4087)
Git#13>Updating files:  69% (2821/4087)
Git#13>Updating files:  69% (2822/4087)
Git#13>Updating files:  69% (2836/4087)
Git#13>Updating files:  69% (2852/4087)
Git#13>Updating files:  70% (2861/4087)
Git#13>Updating files:  70% (2870/4087)
Git#13>Updating files:  70% (2888/4087)
Updating files: 
Git#13> 71% (2902/4087)
Git#13>Updating files:  71% (2904/4087)
Git#13>Updating files:  71% (2921/4087)
Git#13>Updating files:  71% (2938/4087)
Git#13>Updating files:  72% (2943/4087)
Git#13>Updating files:  72% (2955/4087)
Git#13>Updating files:  72% (2973/4087)
Git#13>Updating files:  73% (2984/4087)
Git#13>Updating files:  73% (2986/4087)
Git#13>Updating files:  73% (3005/4087)
Git#13>Updating files:  73% (3022/4087)
Git#13>Updating files:  74% (3025/4087)
Git#13>Updating files:  74% (3040/4087)
Git#13>Updating files:  74% (3056/4087)
Git#13>Updating files:  75% (3066/4087)
Git#13>Updating files:  75% (3074/4087)
Git#13>Updating files:  75% (3092/4087)
Git#13>Updating files:  76% (3107/4087)
Git#13>Updating files:  76% (3118/4087)
Git#13>Updating files:  77% (3147/4087)
Git#13>Updating files:  77% (3152/4087)
Git#13>Updating files:  77% (3179/4087)
Git#13>Updating files:  78% (3188/4087)
Git#13>Updating files:  78% (3208/4087)
Git#13>Updating files:  79% (3229/4087)
Git#13>Updating files:  79% (3233/4087)
Git#13>Updating files:  79% (3257/4087)
Git#13>Updating files:  80% (3270/4087)
Git#13>Updating files:  80% (3285/4087)
Git#13>Updating files:  80% (3310/4087)
Git#13>Updating files:  81% (3311/4087)
Git#13>Updating files:  81% (3338/4087)
Git#13>Updating files:  82% (3352/4087)
Git#13>Updating files:  82% (3377/4087)
Git#13>Updating files:  83% (3393/4087)
Git#13>Updating files:  83% (3410/4087)
Git#13>Updating files:  84% (3434/4087)
Git#13>Updating files:  84% (3454/4087)
Git#13>Updating files:  84% (3466/4087)
Git#13>Updating files:  85% (3474/4087)
Git#13>Updating files:  85% (3477/4087)
Git#13>Updating files:  85% (3489/4087)
Git#13>Updating files:  85% (3500/4087)
Git#13>Updating files:  85% (3511/4087)
Git#13>Updating files:  86% (3515/4087)
Git#13>Updating files:  86% (3522/4087)
Git#13>Updating files:  86% (3534/4087)
Git#13>Updating files:  86% (3544/4087)
Git#13>Updating files:  86% (3554/4087)
Git#13>Updating files:  87% (3556/4087)
Git#13>Updating files:  87% (3567/4087)
Git#13>Updating files:  87% (3578/4087)
Git#13>Updating files:  87% (3591/4087)
Git#13>Updating files:  88% (3597/4087)
Git#13>Updating files:  88% (3602/4087)
Git#13>Updating files:  88% (3614/4087)
Git#13>Updating files:  88% (3626/4087)
Git#13>Updating files:  89% (3638/4087)
Git#13>Updating files:  89% (3650/4087)
Git#13>Updating files:  89% (3660/4087)
Git#13>Updating files:  89% (3672/4087)
Git#13>Updating files:  90% (3679/4087)
Git#13>Updating files:  90% (3683/4087)
Git#13>Updating files:  90% (3695/4087)
Git#13>Updating files:  90% (3704/4087)
Git#13>Updating files:  90% (3717/4087)
Git#13>Updating files:  91% (3720/4087)
Git#13>Updating files:  91% (3728/4087)
Git#13>Updating files:  91% (3740/4087)
Git#13>Updating files:  91% (3750/4087)
Git#13>Updating files:  92% (3761/4087)
Git#13>Updating files:  92% (3779/4087)
Git#13>Updating files:  93% (3801/4087)
Git#13>Updating files:  93% (3838/4087)
Git#13>Updating files:  94% (3842/4087)
Git#13>Updating files:  95% (3883/4087)
Git#13>Updating files:  95% (3895/4087)
Git#13>Updating files:  96% (3924/4087)
Git#13>Updating files:  96% (3947/4087)
Git#13>Updating files:  97% (3965/4087)
Git#13>Updating files:  98% (4006/4087)
Git#13>Updating files:  99% (4047/4087)
Git#13>Updating files:  99% (4070/4087)
Git#13>Updating files: 100% (4087/4087)
Git#13>Updating files: 100% (4087/4087), done.
Git#13>HEAD is now at f6b997c Upload mtb-pdl-cat1 3.15.0.40227 [3285]
Git#13>Success: git -C D:/Infineon/workspace/mtb_shared/mtb-pdl-cat1/release-v3.15.0 -c advice.detachedHead=false checkout --progress release-v3.15.0
Requested to change the active target to 'APP_CYSBSYSKIT-DEV-01'.
Removed the file 'D:/Infineon/workspace/ForToday/deps/TARGET_CYSBSYSKIT-DEV-01.mtb'.
Writing the file 'D:/Infineon/workspace/ForToday/libs/app.mk'.
Successfully committed changes to the project 'mtb-example-empty-app'.
Project "ForToday" created successfully.
Successfully created "ForToday" application.
==============================================================================
= Export "ForToday" application to Eclipse IDE for ModusToolbox =
==============================================================================
make eclipse CY_IDE_PRJNAME=ForToday CY_MAKE_IDE=eclipse CY_MAKE_IDE_VERSION=3.3 CY_TOOLS_PATHS=D:/Infineon/ModusToolbox/tools_3.3 MTB_MAKE_ECLIPSE_FORCE_REGENERATE_PROJECT=1
Tools Directory: D:/Infineon/ModusToolbox/tools_3.3
Searching installed tools in progress...
Searching installed tools complete
Initializing build: mtb-example-empty-app Debug APP_CYSBSYSKIT-DEV-01 GCC_ARM
Prebuild operations complete
Auto-discovery in progress...
Auto-discovery complete
Commencing build operations...
Tools Directory: D:/Infineon/ModusToolbox/tools_3.3
Constructing build rules...
Build rules construction complete
==============================================================================
= Building application =
==============================================================================
Generating compilation database file...
-> ./build/compile_commands.json
Compilation database file generation complete
Generated D:/Infineon/workspace/ForToday/.cproject
Generated D:/Infineon/workspace/ForToday/.project
Generated D:/Infineon/workspace/ForToday/.mtbLaunchConfigs/ForToday Program (KitProg3_MiniProg4).launch
Generated D:/Infineon/workspace/ForToday/.mtbLaunchConfigs/ForToday Erase Device (KitProg3_MiniProg4).launch
Generated D:/Infineon/workspace/ForToday/.mtbLaunchConfigs/ForToday Attach (KitProg3_MiniProg4).launch
Generated D:/Infineon/workspace/ForToday/.mtbLaunchConfigs/ForToday Debug (KitProg3_MiniProg4).launch

Instructions:
1. Open Eclipse IDE for ModusToolbox
2. Select 'Import Existing Application In-Place' from the QuickPanel
3. Browse to the application root directory

For more information, refer to the Eclipse IDE for ModusToolbox user guide.

Toolchain validation: PASS
The application "ForToday" was successfully exported to Eclipse IDE for ModusToolbox.
0 error(s), 0 warning(s)

Summary:

Successfully created and exported "ForToday" application.
