13:22:06 **** Incremental Build of configuration Debug for project ECDH_OpTIGA ****
"D:\\Infineon\\ModusToolbox\\tools_3.3\\modus-shell\\bin\\make" CY_MAKE_IDE=eclipse CY_IDE_TOOLS_DIR=D:/Infineon/ModusToolbox/tools_3.3 CY_IDE_BT_TOOLS_DIR= -j16 --output-sync build_proj 
Tools Directory: D:/Infineon/ModusToolbox/tools_3.3
Searching installed tools in progress...
Searching installed tools complete
Initializing build: mtb-example-empty-app Debug APP_CYSBSYSKIT-DEV-01 GCC_ARM
Toolchain validation: PASS

Prebuild operations complete

Auto-discovery in progress...
Auto-discovery complete
Commencing build operations...

Tools Directory: D:/Infineon/ModusToolbox/tools_3.3

Constructing build rules...
Build rules construction complete

==============================================================================
= Building application =
==============================================================================
Generating compilation database file...
-> ./build/compile_commands.json
Compilation database file generation complete
Building 367 file(s)
==============================================================================
= Build complete =
==============================================================================

   ---------------------------------------------------- 
  | Section Name         |  Address      |  Size       | 
   ---------------------------------------------------- 
  | .cy_m0p_image        |  0x10000000   |  6352       | 
  | .text                |  0x10002000   |  63856      | 
  | .ARM.exidx           |  0x10011970   |  8          | 
  | .copy.table          |  0x10011978   |  24         | 
  | .zero.table          |  0x10011990   |  8          | 
  | .data                |  0x080022e0   |  2744       | 
  | .cy_sharedmem        |  0x08002d98   |  8          | 
  | .noinit              |  0x08002da0   |  228        | 
  | .bss                 |  0x08002e84   |  4072       | 
  | .heap                |  0x08003e70   |  1026448    | 
   ---------------------------------------------------- 

  Total Internal Flash (Available)          2097152    
  Total Internal Flash (Utilized)           74840      


13:22:10 Build Finished. 0 errors, 0 warnings. (took 4s.400ms)

