13:37:09 **** Incremental Build of configuration Debug for project ECDSA ****
"D:\\Infineon\\ModusToolbox\\tools_3.3\\modus-shell\\bin\\make" CY_MAKE_IDE=eclipse CY_IDE_TOOLS_DIR=D:/Infineon/ModusToolbox/tools_3.3 CY_IDE_BT_TOOLS_DIR= -j16 --output-sync build_proj 
Tools Directory: D:/Infineon/ModusToolbox/tools_3.3
Searching installed tools in progress...
Searching installed tools complete
Initializing build: mtb-example-empty-app Debug APP_CYSBSYSKIT-DEV-01 GCC_ARM
Toolchain validation: PASS

Prebuild operations complete

Auto-discovery in progress...
Auto-discovery complete
Commencing build operations...

Tools Directory: D:/Infineon/ModusToolbox/tools_3.3

Constructing build rules...
Build rules construction complete

==============================================================================
= Building application =
==============================================================================
Generating compilation database file...
-> ./build/compile_commands.json
Compilation database file generation complete
Building 252 file(s)
Compiling PSOC_OPTIGA_PAL/pal.c -DCOMPONENT_43012 -DCOMPONENT_APP_CYSBSYSKIT_DEV_01 -DCOMPONENT_CAT1 -DCOMPONENT_CAT1A -DCOMPONENT_CM0P_SLEEP -DCOMPONENT_CM4 -DCOMPONENT_CM4_0 -DCOMPONENT_CYSBSYS_RP01 -DCOMPONENT_Debug -DCOMPONENT_GCC_ARM -DCOMPONENT_HCI_UART -DCOMPONENT_MW_BT_FW_IFX_CYW43012 -DCOMPONENT_MW_CAT1CM0P -DCOMPONENT_MW_CMSIS -DCOMPONENT_MW_CORE_LIB -DCOMPONENT_MW_CORE_MAKE -DCOMPONENT_MW_MTB_HAL_CAT1 -DCOMPONENT_MW_MTB_PDL_CAT1 -DCOMPONENT_MW_RECIPE_MAKE_CAT1A -DCOMPONENT_MW_RETARGET_IO -DCOMPONENT_PSOC6_02 -DCOMPONENT_SOFTFP -DCOMPONENT_WIFI_INTERFACE_SDIO -DCORE_NAME_CM4_0=1 -DCY8C624AFNI_S2D43 -DCY_APPNAME_mtb_example_empty_app -DCY_SUPPORTS_DEVICE_VALIDATION -DCY_TARGET_BOARD=APP_CYSBSYSKIT_DEV_01 -DCY_USING_HAL -DDEBUG -DMBEDTLS_USER_CONFIG_FILE='"mbedtls_user_config.h"' -DOPTIGA_LIB_EXTERNAL='"optiga_user_config.h"' -DTARGET_APP_CYSBSYSKIT_DEV_01  -I. -Ibsps/TARGET_APP_CYSBSYSKIT-DEV-01 -Ibsps -Ibsps/TARGET_APP_CYSBSYSKIT-DEV-01/bluetooth -Ibsps/TARGET_APP_CYSBSYSKIT-DEV-01/config/GeneratedSource -Ibsps/TARGET_APP_CYSBSYSKIT-DEV-01/config -IPSOC_OPTIGA_PAL -I../mtb_shared/retarget-io/release-v1.7.0/include -I../mtb_shared/retarget-io/release-v1.7.0 -I../mtb_shared/cat1cm0p/release-v1.7.0/COMPONENT_CAT1A -I../mtb_shared/cat1cm0p/release-v1.7.0 -I../mtb_shared/cmsis/release-v5.8.1/Core/Include -I../mtb_shared/cmsis/release-v5.8.1/Core -I../mtb_shared/cmsis/release-v5.8.1 -I../mtb_shared/core-lib/release-v1.4.3/include -I../mtb_shared/core-lib/release-v1.4.3 -I../mtb_shared/mtb-hal-cat1/release-v2.6.1/COMPONENT_CAT1A/include/pin_packages -I../mtb_shared/mtb-hal-cat1/release-v2.6.1/COMPONENT_CAT1A/include -I../mtb_shared/mtb-hal-cat1/release-v2.6.1/COMPONENT_CAT1A -I../mtb_shared/mtb-hal-cat1/release-v2.6.1 -I../mtb_shared/mtb-hal-cat1/release-v2.6.1/COMPONENT_CAT1A/include/triggers -I../mtb_shared/mtb-hal-cat1/release-v2.6.1/include -I../mtb_shared/mtb-hal-cat1/release-v2.6.1/include_pvt -I../mtb_shared/mtb-hal-cat1/release-v2.6.1/source -I../mtb_shared/mtb-pdl-cat1/release-v3.13.0/devices/COMPONENT_CAT1A/include -I../mtb_shared/mtb-pdl-cat1/release-v3.13.0/devices/COMPONENT_CAT1A -I../mtb_shared/mtb-pdl-cat1/release-v3.13.0/devices -I../mtb_shared/mtb-pdl-cat1/release-v3.13.0 -I../mtb_shared/mtb-pdl-cat1/release-v3.13.0/devices/COMPONENT_CAT1A/include/ip -I../mtb_shared/mtb-pdl-cat1/release-v3.13.0/drivers/include -I../mtb_shared/mtb-pdl-cat1/release-v3.13.0/drivers -I../mtb_shared/mtb-pdl-cat1/release-v3.13.0/drivers/third_party/ethernet/include -I../mtb_shared/mtb-pdl-cat1/release-v3.13.0/drivers/third_party/ethernet -I../mtb_shared/mtb-pdl-cat1/release-v3.13.0/drivers/third_party 
D:/Infineon/workspace/ECDSA/PSOC_OPTIGA_PAL/pal.c:39:10: fatal error: include/pal/pal.h: No such file or directory
   39 | #include "include/pal/pal.h"
make[1]: *** Waiting for unfinished jobs....
      |          ^~~~~~~~~~~~~~~~~~~
compilation terminated.
make[1]: *** [../mtb_shared/core-make/release-v3.4.1/make/core/build_v1.mk:247: D:/Infineon/workspace/ECDSA/build/APP_CYSBSYSKIT-DEV-01/Debug/PSOC_OPTIGA_PAL/pal.o] Error 1
Compiling PSOC_OPTIGA_PAL/pal_gpio.c -DCOMPONENT_43012 -DCOMPONENT_APP_CYSBSYSKIT_DEV_01 -DCOMPONENT_CAT1 -DCOMPONENT_CAT1A -DCOMPONENT_CM0P_SLEEP -DCOMPONENT_CM4 -DCOMPONENT_CM4_0 -DCOMPONENT_CYSBSYS_RP01 -DCOMPONENT_Debug -DCOMPONENT_GCC_ARM -DCOMPONENT_HCI_UART -DCOMPONENT_MW_BT_FW_IFX_CYW43012 -DCOMPONENT_MW_CAT1CM0P -DCOMPONENT_MW_CMSIS -DCOMPONENT_MW_CORE_LIB -DCOMPONENT_MW_CORE_MAKE -DCOMPONENT_MW_MTB_HAL_CAT1 -DCOMPONENT_MW_MTB_PDL_CAT1 -DCOMPONENT_MW_RECIPE_MAKE_CAT1A -DCOMPONENT_MW_RETARGET_IO -DCOMPONENT_PSOC6_02 -DCOMPONENT_SOFTFP -DCOMPONENT_WIFI_INTERFACE_SDIO -DCORE_NAME_CM4_0=1 -DCY8C624AFNI_S2D43 -DCY_APPNAME_mtb_example_empty_app -DCY_SUPPORTS_DEVICE_VALIDATION -DCY_TARGET_BOARD=APP_CYSBSYSKIT_DEV_01 -DCY_USING_HAL -DDEBUG -DMBEDTLS_USER_CONFIG_FILE='"mbedtls_user_config.h"' -DOPTIGA_LIB_EXTERNAL='"optiga_user_config.h"' -DTARGET_APP_CYSBSYSKIT_DEV_01  -I. -Ibsps/TARGET_APP_CYSBSYSKIT-DEV-01 -Ibsps -Ibsps/TARGET_APP_CYSBSYSKIT-DEV-01/bluetooth -Ibsps/TARGET_APP_CYSBSYSKIT-DEV-01/config/GeneratedSource -Ibsps/TARGET_APP_CYSBSYSKIT-DEV-01/config -IPSOC_OPTIGA_PAL -I../mtb_shared/retarget-io/release-v1.7.0/include -I../mtb_shared/retarget-io/release-v1.7.0 -I../mtb_shared/cat1cm0p/release-v1.7.0/COMPONENT_CAT1A -I../mtb_shared/cat1cm0p/release-v1.7.0 -I../mtb_shared/cmsis/release-v5.8.1/Core/Include -I../mtb_shared/cmsis/release-v5.8.1/Core -I../mtb_shared/cmsis/release-v5.8.1 -I../mtb_shared/core-lib/release-v1.4.3/include -I../mtb_shared/core-lib/release-v1.4.3 -I../mtb_shared/mtb-hal-cat1/release-v2.6.1/COMPONENT_CAT1A/include/pin_packages -I../mtb_shared/mtb-hal-cat1/release-v2.6.1/COMPONENT_CAT1A/include -I../mtb_shared/mtb-hal-cat1/release-v2.6.1/COMPONENT_CAT1A -I../mtb_shared/mtb-hal-cat1/release-v2.6.1 -I../mtb_shared/mtb-hal-cat1/release-v2.6.1/COMPONENT_CAT1A/include/triggers -I../mtb_shared/mtb-hal-cat1/release-v2.6.1/include -I../mtb_shared/mtb-hal-cat1/release-v2.6.1/include_pvt -I../mtb_shared/mtb-hal-cat1/release-v2.6.1/source -I../mtb_shared/mtb-pdl-cat1/release-v3.13.0/devices/COMPONENT_CAT1A/include -I../mtb_shared/mtb-pdl-cat1/release-v3.13.0/devices/COMPONENT_CAT1A -I../mtb_shared/mtb-pdl-cat1/release-v3.13.0/devices -I../mtb_shared/mtb-pdl-cat1/release-v3.13.0 -I../mtb_shared/mtb-pdl-cat1/release-v3.13.0/devices/COMPONENT_CAT1A/include/ip -I../mtb_shared/mtb-pdl-cat1/release-v3.13.0/drivers/include -I../mtb_shared/mtb-pdl-cat1/release-v3.13.0/drivers -I../mtb_shared/mtb-pdl-cat1/release-v3.13.0/drivers/third_party/ethernet/include -I../mtb_shared/mtb-pdl-cat1/release-v3.13.0/drivers/third_party/ethernet -I../mtb_shared/mtb-pdl-cat1/release-v3.13.0/drivers/third_party 
D:/Infineon/workspace/ECDSA/PSOC_OPTIGA_PAL/pal_gpio.c:39:10: fatal error: include/pal/pal_ifx_i2c_config.h: No such file or directory
   39 | #include "include/pal/pal_ifx_i2c_config.h"
      |          ^~~~~~~~~~~~~~~~~~~~~~~~~~~~~~~~~~
compilation terminated.
make[1]: *** [../mtb_shared/core-make/release-v3.4.1/make/core/build_v1.mk:247: D:/Infineon/workspace/ECDSA/build/APP_CYSBSYSKIT-DEV-01/Debug/PSOC_OPTIGA_PAL/pal_gpio.o] Error 1
Compiling PSOC_OPTIGA_PAL/pal_i2c.c -DCOMPONENT_43012 -DCOMPONENT_APP_CYSBSYSKIT_DEV_01 -DCOMPONENT_CAT1 -DCOMPONENT_CAT1A -DCOMPONENT_CM0P_SLEEP -DCOMPONENT_CM4 -DCOMPONENT_CM4_0 -DCOMPONENT_CYSBSYS_RP01 -DCOMPONENT_Debug -DCOMPONENT_GCC_ARM -DCOMPONENT_HCI_UART -DCOMPONENT_MW_BT_FW_IFX_CYW43012 -DCOMPONENT_MW_CAT1CM0P -DCOMPONENT_MW_CMSIS -DCOMPONENT_MW_CORE_LIB -DCOMPONENT_MW_CORE_MAKE -DCOMPONENT_MW_MTB_HAL_CAT1 -DCOMPONENT_MW_MTB_PDL_CAT1 -DCOMPONENT_MW_RECIPE_MAKE_CAT1A -DCOMPONENT_MW_RETARGET_IO -DCOMPONENT_PSOC6_02 -DCOMPONENT_SOFTFP -DCOMPONENT_WIFI_INTERFACE_SDIO -DCORE_NAME_CM4_0=1 -DCY8C624AFNI_S2D43 -DCY_APPNAME_mtb_example_empty_app -DCY_SUPPORTS_DEVICE_VALIDATION -DCY_TARGET_BOARD=APP_CYSBSYSKIT_DEV_01 -DCY_USING_HAL -DDEBUG -DMBEDTLS_USER_CONFIG_FILE='"mbedtls_user_config.h"' -DOPTIGA_LIB_EXTERNAL='"optiga_user_config.h"' -DTARGET_APP_CYSBSYSKIT_DEV_01  -I. -Ibsps/TARGET_APP_CYSBSYSKIT-DEV-01 -Ibsps -Ibsps/TARGET_APP_CYSBSYSKIT-DEV-01/bluetooth -Ibsps/TARGET_APP_CYSBSYSKIT-DEV-01/config/GeneratedSource -Ibsps/TARGET_APP_CYSBSYSKIT-DEV-01/config -IPSOC_OPTIGA_PAL -I../mtb_shared/retarget-io/release-v1.7.0/include -I../mtb_shared/retarget-io/release-v1.7.0 -I../mtb_shared/cat1cm0p/release-v1.7.0/COMPONENT_CAT1A -I../mtb_shared/cat1cm0p/release-v1.7.0 -I../mtb_shared/cmsis/release-v5.8.1/Core/Include -I../mtb_shared/cmsis/release-v5.8.1/Core -I../mtb_shared/cmsis/release-v5.8.1 -I../mtb_shared/core-lib/release-v1.4.3/include -I../mtb_shared/core-lib/release-v1.4.3 -I../mtb_shared/mtb-hal-cat1/release-v2.6.1/COMPONENT_CAT1A/include/pin_packages -I../mtb_shared/mtb-hal-cat1/release-v2.6.1/COMPONENT_CAT1A/include -I../mtb_shared/mtb-hal-cat1/release-v2.6.1/COMPONENT_CAT1A -I../mtb_shared/mtb-hal-cat1/release-v2.6.1 -I../mtb_shared/mtb-hal-cat1/release-v2.6.1/COMPONENT_CAT1A/include/triggers -I../mtb_shared/mtb-hal-cat1/release-v2.6.1/include -I../mtb_shared/mtb-hal-cat1/release-v2.6.1/include_pvt -I../mtb_shared/mtb-hal-cat1/release-v2.6.1/source -I../mtb_shared/mtb-pdl-cat1/release-v3.13.0/devices/COMPONENT_CAT1A/include -I../mtb_shared/mtb-pdl-cat1/release-v3.13.0/devices/COMPONENT_CAT1A -I../mtb_shared/mtb-pdl-cat1/release-v3.13.0/devices -I../mtb_shared/mtb-pdl-cat1/release-v3.13.0 -I../mtb_shared/mtb-pdl-cat1/release-v3.13.0/devices/COMPONENT_CAT1A/include/ip -I../mtb_shared/mtb-pdl-cat1/release-v3.13.0/drivers/include -I../mtb_shared/mtb-pdl-cat1/release-v3.13.0/drivers -I../mtb_shared/mtb-pdl-cat1/release-v3.13.0/drivers/third_party/ethernet/include -I../mtb_shared/mtb-pdl-cat1/release-v3.13.0/drivers/third_party/ethernet -I../mtb_shared/mtb-pdl-cat1/release-v3.13.0/drivers/third_party 
D:/Infineon/workspace/ECDSA/PSOC_OPTIGA_PAL/pal_i2c.c:38:10: fatal error: include/pal/pal_i2c.h: No such file or directory
   38 | #include "include/pal/pal_i2c.h"
      |          ^~~~~~~~~~~~~~~~~~~~~~~
compilation terminated.
make[1]: *** [../mtb_shared/core-make/release-v3.4.1/make/core/build_v1.mk:247: D:/Infineon/workspace/ECDSA/build/APP_CYSBSYSKIT-DEV-01/Debug/PSOC_OPTIGA_PAL/pal_i2c.o] Error 1
Compiling PSOC_OPTIGA_PAL/pal_ifx_i2c_config.c -DCOMPONENT_43012 -DCOMPONENT_APP_CYSBSYSKIT_DEV_01 -DCOMPONENT_CAT1 -DCOMPONENT_CAT1A -DCOMPONENT_CM0P_SLEEP -DCOMPONENT_CM4 -DCOMPONENT_CM4_0 -DCOMPONENT_CYSBSYS_RP01 -DCOMPONENT_Debug -DCOMPONENT_GCC_ARM -DCOMPONENT_HCI_UART -DCOMPONENT_MW_BT_FW_IFX_CYW43012 -DCOMPONENT_MW_CAT1CM0P -DCOMPONENT_MW_CMSIS -DCOMPONENT_MW_CORE_LIB -DCOMPONENT_MW_CORE_MAKE -DCOMPONENT_MW_MTB_HAL_CAT1 -DCOMPONENT_MW_MTB_PDL_CAT1 -DCOMPONENT_MW_RECIPE_MAKE_CAT1A -DCOMPONENT_MW_RETARGET_IO -DCOMPONENT_PSOC6_02 -DCOMPONENT_SOFTFP -DCOMPONENT_WIFI_INTERFACE_SDIO -DCORE_NAME_CM4_0=1 -DCY8C624AFNI_S2D43 -DCY_APPNAME_mtb_example_empty_app -DCY_SUPPORTS_DEVICE_VALIDATION -DCY_TARGET_BOARD=APP_CYSBSYSKIT_DEV_01 -DCY_USING_HAL -DDEBUG -DMBEDTLS_USER_CONFIG_FILE='"mbedtls_user_config.h"' -DOPTIGA_LIB_EXTERNAL='"optiga_user_config.h"' -DTARGET_APP_CYSBSYSKIT_DEV_01  -I. -Ibsps/TARGET_APP_CYSBSYSKIT-DEV-01 -Ibsps -Ibsps/TARGET_APP_CYSBSYSKIT-DEV-01/bluetooth -Ibsps/TARGET_APP_CYSBSYSKIT-DEV-01/config/GeneratedSource -Ibsps/TARGET_APP_CYSBSYSKIT-DEV-01/config -IPSOC_OPTIGA_PAL -I../mtb_shared/retarget-io/release-v1.7.0/include -I../mtb_shared/retarget-io/release-v1.7.0 -I../mtb_shared/cat1cm0p/release-v1.7.0/COMPONENT_CAT1A -I../mtb_shared/cat1cm0p/release-v1.7.0 -I../mtb_shared/cmsis/release-v5.8.1/Core/Include -I../mtb_shared/cmsis/release-v5.8.1/Core -I../mtb_shared/cmsis/release-v5.8.1 -I../mtb_shared/core-lib/release-v1.4.3/include -I../mtb_shared/core-lib/release-v1.4.3 -I../mtb_shared/mtb-hal-cat1/release-v2.6.1/COMPONENT_CAT1A/include/pin_packages -I../mtb_shared/mtb-hal-cat1/release-v2.6.1/COMPONENT_CAT1A/include -I../mtb_shared/mtb-hal-cat1/release-v2.6.1/COMPONENT_CAT1A -I../mtb_shared/mtb-hal-cat1/release-v2.6.1 -I../mtb_shared/mtb-hal-cat1/release-v2.6.1/COMPONENT_CAT1A/include/triggers -I../mtb_shared/mtb-hal-cat1/release-v2.6.1/include -I../mtb_shared/mtb-hal-cat1/release-v2.6.1/include_pvt -I../mtb_shared/mtb-hal-cat1/release-v2.6.1/source -I../mtb_shared/mtb-pdl-cat1/release-v3.13.0/devices/COMPONENT_CAT1A/include -I../mtb_shared/mtb-pdl-cat1/release-v3.13.0/devices/COMPONENT_CAT1A -I../mtb_shared/mtb-pdl-cat1/release-v3.13.0/devices -I../mtb_shared/mtb-pdl-cat1/release-v3.13.0 -I../mtb_shared/mtb-pdl-cat1/release-v3.13.0/devices/COMPONENT_CAT1A/include/ip -I../mtb_shared/mtb-pdl-cat1/release-v3.13.0/drivers/include -I../mtb_shared/mtb-pdl-cat1/release-v3.13.0/drivers -I../mtb_shared/mtb-pdl-cat1/release-v3.13.0/drivers/third_party/ethernet/include -I../mtb_shared/mtb-pdl-cat1/release-v3.13.0/drivers/third_party/ethernet -I../mtb_shared/mtb-pdl-cat1/release-v3.13.0/drivers/third_party 
D:/Infineon/workspace/ECDSA/PSOC_OPTIGA_PAL/pal_ifx_i2c_config.c:38:10: fatal error: include/pal/pal_gpio.h: No such file or directory
   38 | #include "include/pal/pal_gpio.h"
      |          ^~~~~~~~~~~~~~~~~~~~~~~~
make: *** [../mtb_shared/core-make/release-v3.4.1/make/core/main.mk:420: secondstage_build] Error 2
compilation terminated.
make[1]: *** [../mtb_shared/core-make/release-v3.4.1/make/core/build_v1.mk:247: D:/Infineon/workspace/ECDSA/build/APP_CYSBSYSKIT-DEV-01/Debug/PSOC_OPTIGA_PAL/pal_ifx_i2c_config.o] Error 1
"D:/Infineon/ModusToolbox/tools_3.3/modus-shell/bin/make CY_MAKE_IDE=eclipse CY_IDE_TOOLS_DIR=D:/Infineon/ModusToolbox/tools_3.3 CY_IDE_BT_TOOLS_DIR= -j16 --output-sync build_proj" terminated with exit code 2. Build might be incomplete.

13:37:12 Build Failed. 10 errors, 0 warnings. (took 3s.450ms)

