13:33:01 **** Build of configuration Debug for project Hello_World ****
"D:\\Infineon\\ModusToolbox\\tools_3.3\\modus-shell\\bin\\make" CY_MAKE_IDE=eclipse CY_IDE_TOOLS_DIR=D:/Infineon/ModusToolbox/tools_3.3 CY_IDE_BT_TOOLS_DIR= -j16 --output-sync build_proj 
Tools Directory: D:/Infineon/ModusToolbox/tools_3.3
Searching installed tools in progress...
Searching installed tools complete
Initializing build: mtb-example-hal-hello-world Debug APP_CY8CPROTO-062-4343W GCC_ARM
Toolchain validation: PASS

Prebuild operations complete

Auto-discovery in progress...
Auto-discovery complete
Commencing build operations...

Tools Directory: D:/Infineon/ModusToolbox/tools_3.3

Constructing build rules...
Build rules construction complete

==============================================================================
= Building application =
==============================================================================
Generating compilation database file...
-> ./build/compile_commands.json
Compilation database file generation complete
Building 247 file(s)
==============================================================================
= Build complete =
==============================================================================

   ---------------------------------------------------- 
  | Section Name         |  Address      |  Size       | 
   ---------------------------------------------------- 
  | .cy_m0p_image        |  0x10000000   |  6352       | 
  | .text                |  0x10002000   |  45792      | 
  | .ARM.exidx           |  0x1000d2e0   |  8          | 
  | .copy.table          |  0x1000d2e8   |  24         | 
  | .zero.table          |  0x1000d300   |  8          | 
  | .data                |  0x080022e0   |  1648       | 
  | .cy_sharedmem        |  0x08002950   |  8          | 
  | .noinit              |  0x08002958   |  228        | 
  | .bss                 |  0x08002a3c   |  2044       | 
  | .heap                |  0x08003238   |  1029576    | 
   ---------------------------------------------------- 

  Total Internal Flash (Available)          2097152    
  Total Internal Flash (Utilized)           55680      


13:33:08 Build Finished. 0 errors, 0 warnings. (took 7s.717ms)

